#
# A fatal error has been detected by the Java Runtime Environment:
#
#  SIGSEGV (0xb) at pc=0x00007f9366f95462, pid=25396, tid=140271236237056
#
# JRE version: 6.0_20-b20
# Java VM: OpenJDK 64-Bit Server VM (19.0-b09 mixed mode linux-amd64 compressed oops)
# Derivative: IcedTea6 1.9.13
# Distribution: Ubuntu 10.04.1 LTS, package 6b20-1.9.13-0ubuntu1~10.04.1
# Problematic frame:
# C  [librxtxSerial.so+0x6462]  read_byte_array+0x52
#
# If you would like to submit a bug report, please include
# instructions how to reproduce the bug and visit:
#   https://bugs.launchpad.net/ubuntu/+source/openjdk-6/
# The crash happened outside the Java Virtual Machine in native code.
# See problematic frame for where to report the bug.
#

---------------  T H R E A D  ---------------

Current thread (0x0000000000702000):  JavaThread "main" [_thread_in_native, id=25398, stack(0x00007f9371254000,0x00007f9371355000)]

siginfo:si_signo=SIGSEGV: si_errno=0, si_code=1 (SEGV_MAPERR), si_addr=0x0000000066f8d4b8

Registers:
RAX=0x0000000066f8d4b0, RBX=0x000000000000001c, RCX=0x0000000000000001, RDX=0x00007f937056ea70
RSP=0x00007f9371353610, RBP=0x00000000007021c8, RSI=0x00007f9366f98e30, RDI=0x00007f9366f98d3e
R8 =0x000000000000009c, R9 =0x00000000e67aa228, R10=0x0000000000000002, R11=0x00007f9370572ce8
R12=0x00000000ffffffff, R13=0x0000000000000000, R14=0x00007f93713537d8, R15=0x0000000000702000
RIP=0x00007f9366f95462, EFL=0x0000000000010202, CSGSFS=0x0000000000000033, ERR=0x0000000000000004
  TRAPNO=0x000000000000000e

Register to memory mapping:

RAX=0x0000000066f8d4b0
0x0000000066f8d4b0 is pointing to unknown location

RBX=0x000000000000001c
0x000000000000001c is pointing to unknown location

RCX=0x0000000000000001
0x0000000000000001 is pointing to unknown location

RDX=0x00007f937056ea70
0x00007f937056ea70: <offset 0xb1fa70> in /usr/lib/jvm/java-6-openjdk/jre/lib/amd64/server/libjvm.so at 0x00007f936fa4f000

RSP=0x00007f9371353610
0x00007f9371353610 is pointing into the stack for thread: 0x0000000000702000
"main" prio=10 tid=0x0000000000702000 nid=0x6336 runnable [0x00007f9371353000]
   java.lang.Thread.State: RUNNABLE

RBP=0x00000000007021c8
0x00000000007021c8 is pointing to unknown location

RSI=0x00007f9366f98e30
0x00007f9366f98e30: <offset 0x9e30> in /home/jussy/git/SerialLAN/lib/librxtxSerial.so at 0x00007f9366f8f000

RDI=0x00007f9366f98d3e
0x00007f9366f98d3e: <offset 0x9d3e> in /home/jussy/git/SerialLAN/lib/librxtxSerial.so at 0x00007f9366f8f000

R8 =0x000000000000009c
0x000000000000009c is pointing to unknown location

R9 =0x00000000e67aa228

[error occurred during error reporting (printing registers, top of stack, instructions near pc), id 0xe0000000]

Stack: [0x00007f9371254000,0x00007f9371355000],  sp=0x00007f9371353610,  free space=1021k
Native frames: (J=compiled Java code, j=interpreted, Vv=VM code, C=native code)
C  [librxtxSerial.so+0x6462]  read_byte_array+0x52

Java frames: (J=compiled Java code, j=interpreted, Vv=VM code)
j  gnu.io.RXTXPort.readByte()I+0
j  gnu.io.RXTXPort$SerialInputStream.read()I+81
j  com.jlewis.slan.SerialPortHandler.getChar()C+7
j  com.jlewis.slan.SerialLAN.receiver()V+35
j  com.jlewis.slan.SerialLAN.main([Ljava/lang/String;)V+101
v  ~StubRoutines::call_stub

---------------  P R O C E S S  ---------------

Java Threads: ( => current thread )
  0x00007f935820b800 JavaThread "Thread-2" [_thread_in_native, id=25424, stack(0x00007f9366e8e000,0x00007f9366f8f000)]
  0x00007f93580b4800 JavaThread "AWT-EventQueue-0" [_thread_in_Java, id=25423, stack(0x00007f93674bb000,0x00007f93675bc000)]
  0x00007f93580ab000 JavaThread "AWT-Shutdown" [_thread_blocked, id=25422, stack(0x00007f93675bc000,0x00007f93676bd000)]
  0x00007f9358064000 JavaThread "AWT-XAWT" daemon [_thread_in_native, id=25417, stack(0x00007f93679b3000,0x00007f9367ab4000)]
  0x00000000008a4000 JavaThread "Java2D Disposer" daemon [_thread_blocked, id=25416, stack(0x00007f9367d6b000,0x00007f9367e6c000)]
  0x000000000085d000 JavaThread "TimerQueue" daemon [_thread_blocked, id=25415, stack(0x00007f9368565000,0x00007f9368666000)]
  0x000000000079f800 JavaThread "Low Memory Detector" daemon [_thread_blocked, id=25412, stack(0x00007f9369e3b000,0x00007f9369f3c000)]
  0x000000000079d000 JavaThread "CompilerThread1" daemon [_thread_blocked, id=25411, stack(0x00007f9369f3c000,0x00007f936a03d000)]
  0x000000000079a800 JavaThread "CompilerThread0" daemon [_thread_blocked, id=25410, stack(0x00007f936a03d000,0x00007f936a13e000)]
  0x0000000000799000 JavaThread "Signal Dispatcher" daemon [_thread_blocked, id=25409, stack(0x00007f936a13e000,0x00007f936a23f000)]
  0x0000000000773800 JavaThread "Finalizer" daemon [_thread_blocked, id=25408, stack(0x00007f936a285000,0x00007f936a386000)]
  0x0000000000771800 JavaThread "Reference Handler" daemon [_thread_blocked, id=25407, stack(0x00007f936a386000,0x00007f936a487000)]
=>0x0000000000702000 JavaThread "main" [_thread_in_native, id=25398, stack(0x00007f9371254000,0x00007f9371355000)]

Other Threads:
  0x000000000076a800 VMThread [stack: 0x00007f936a487000,0x00007f936a588000] [id=25406]
  0x00000000007a5000 WatcherThread [stack: 0x00007f9369d3a000,0x00007f9369e3b000] [id=25413]

VM state:not at safepoint (normal execution)

VM Mutex/Monitor currently owned by a thread: None

Heap
 PSYoungGen      total 23232K, used 7214K [0x00000000e6160000, 0x00000000e7b40000, 0x0000000100000000)
  eden space 19968K, 36% used [0x00000000e6160000,0x00000000e686b9f0,0x00000000e74e0000)
  from space 3264K, 0% used [0x00000000e7810000,0x00000000e7810000,0x00000000e7b40000)
  to   space 3264K, 0% used [0x00000000e74e0000,0x00000000e74e0000,0x00000000e7810000)
 PSOldGen        total 53120K, used 0K [0x00000000b2400000, 0x00000000b57e0000, 0x00000000e6160000)
  object space 53120K, 0% used [0x00000000b2400000,0x00000000b2400000,0x00000000b57e0000)
 PSPermGen       total 21248K, used 14813K [0x00000000a7e00000, 0x00000000a92c0000, 0x00000000b2400000)
  object space 21248K, 69% used [0x00000000a7e00000,0x00000000a8c77638,0x00000000a92c0000)

Dynamic libraries:
00400000-00409000 r-xp 00000000 08:11 4413                               /usr/lib/jvm/java-6-openjdk/jre/bin/java
00608000-00609000 r--p 00008000 08:11 4413                               /usr/lib/jvm/java-6-openjdk/jre/bin/java
00609000-0060a000 rw-p 00009000 08:11 4413                               /usr/lib/jvm/java-6-openjdk/jre/bin/java
006f9000-00af2000 rw-p 00000000 00:00 0                                  [heap]
a7e00000-a92c0000 rw-p 00000000 00:00 0 
a92c0000-b2400000 rw-p 00000000 00:00 0 
b2400000-b57e0000 rw-p 00000000 00:00 0 
b57e0000-e6160000 rw-p 00000000 00:00 0 
e6160000-e7b40000 rw-p 00000000 00:00 0 
e7b40000-100000000 rw-p 00000000 00:00 0 
7f9358000000-7f9358266000 rw-p 00000000 00:00 0 
7f9358266000-7f935c000000 ---p 00000000 00:00 0 
7f9360000000-7f93603b7000 rw-p 00000000 00:00 0 
7f93603b7000-7f9364000000 ---p 00000000 00:00 0 
7f9366e8e000-7f9366e91000 ---p 00000000 00:00 0 
7f9366e91000-7f9366f8f000 rw-p 00000000 00:00 0 
7f9366f8f000-7f9366f9b000 r-xp 00000000 08:11 3287439                    /home/jussy/git/SerialLAN/lib/librxtxSerial.so
7f9366f9b000-7f936709a000 ---p 0000c000 08:11 3287439                    /home/jussy/git/SerialLAN/lib/librxtxSerial.so
7f936709a000-7f936709c000 rw-p 0000b000 08:11 3287439                    /home/jussy/git/SerialLAN/lib/librxtxSerial.so
7f936709c000-7f93670a4000 r-xp 00000000 08:11 3473                       /usr/lib/jvm/java-6-openjdk/jre/lib/amd64/libnio.so
7f93670a4000-7f93672a3000 ---p 00008000 08:11 3473                       /usr/lib/jvm/java-6-openjdk/jre/lib/amd64/libnio.so
7f93672a3000-7f93672a4000 r--p 00007000 08:11 3473                       /usr/lib/jvm/java-6-openjdk/jre/lib/amd64/libnio.so
7f93672a4000-7f93672a5000 rw-p 00008000 08:11 3473                       /usr/lib/jvm/java-6-openjdk/jre/lib/amd64/libnio.so
7f93672a5000-7f93672ba000 r-xp 00000000 08:11 3470                       /usr/lib/jvm/java-6-openjdk/jre/lib/amd64/libnet.so
7f93672ba000-7f93674b9000 ---p 00015000 08:11 3470                       /usr/lib/jvm/java-6-openjdk/jre/lib/amd64/libnet.so
7f93674b9000-7f93674ba000 r--p 00014000 08:11 3470                       /usr/lib/jvm/java-6-openjdk/jre/lib/amd64/libnet.so
7f93674ba000-7f93674bb000 rw-p 00015000 08:11 3470                       /usr/lib/jvm/java-6-openjdk/jre/lib/amd64/libnet.so
7f93674bb000-7f93674be000 ---p 00000000 00:00 0 
7f93674be000-7f93675bc000 rw-p 00000000 00:00 0 
7f93675bc000-7f93675bf000 ---p 00000000 00:00 0 
7f93675bf000-7f93676bd000 rw-p 00000000 00:00 0 
7f93676bd000-7f93676c2000 r-xp 00000000 08:11 4851297                    /usr/lib/libXfixes.so.3.1.0
7f93676c2000-7f93678c1000 ---p 00005000 08:11 4851297                    /usr/lib/libXfixes.so.3.1.0
7f93678c1000-7f93678c2000 r--p 00004000 08:11 4851297                    /usr/lib/libXfixes.so.3.1.0
7f93678c2000-7f93678c3000 rw-p 00005000 08:11 4851297                    /usr/lib/libXfixes.so.3.1.0
7f93678c3000-7f93678c4000 r--s 00000000 08:11 1836142                    /var/cache/fontconfig/26de28bc8622bbc1fb67fd234c21975f-le64.cache-3
7f93678c4000-7f93678c5000 r--s 00000000 08:11 1835068                    /var/cache/fontconfig/c05880de57d1f5e948fdfacc138775d9-le64.cache-3
7f93678c5000-7f93678ce000 r--s 00000000 08:11 1835065                    /var/cache/fontconfig/945677eb7aeaf62f1d50efc3fb3ec7d8-le64.cache-3
7f93678ce000-7f93678d0000 r--s 00000000 08:11 1835066                    /var/cache/fontconfig/99e8ed0e538f840c565b6ed5dad60d56-le64.cache-3
7f93678d0000-7f93678d3000 r--s 00000000 08:11 1835075                    /var/cache/fontconfig/e383d7ea5fbe662a33d9b44caf393297-le64.cache-3
7f93678d3000-7f93678da000 r--s 00000000 08:11 1836298                    /var/cache/fontconfig/401a5dd6b567794a1d18dd9342dfa604-le64.cache-3
7f93678da000-7f93678db000 r--s 00000000 08:11 1835076                    /var/cache/fontconfig/e7071f4a29fa870f4323321c154eba04-le64.cache-3
7f93678db000-7f93678df000 r--s 00000000 08:11 1841882                    /var/cache/fontconfig/6eb3985aa4124903f6ff08ba781cd364-le64.cache-3
7f93678df000-7f936790d000 r--s 00000000 08:11 1841923                    /var/cache/fontconfig/365b55f210c0a22e9a19e35191240f32-le64.cache-3
7f93679b3000-7f93679b6000 ---p 00000000 00:00 0 
7f93679b6000-7f9367ab4000 rw-p 00000000 00:00 0 
7f9367ab4000-7f9367ab5000 r--s 00000000 08:11 1836142                    /var/cache/fontconfig/26de28bc8622bbc1fb67fd234c21975f-le64.cache-3
7f9367ab5000-7f9367ab6000 r--s 00000000 08:11 1835068                    /var/cache/fontconfig/c05880de57d1f5e948fdfacc138775d9-le64.cache-3
7f9367ab6000-7f9367abf000 r--s 00000000 08:11 1835065                    /var/cache/fontconfig/945677eb7aeaf62f1d50efc3fb3ec7d8-le64.cache-3
7f9367abf000-7f9367ac1000 r--s 00000000 08:11 1835066                    /var/cache/fontconfig/99e8ed0e538f840c565b6ed5dad60d56-le64.cache-3
7f9367ac1000-7f9367ac4000 r--s 00000000 08:11 1835075                    /var/cache/fontconfig/e383d7ea5fbe662a33d9b44caf393297-le64.cache-3
7f9367ac4000-7f9367acb000 r--s 00000000 08:11 1836298                    /var/cache/fontconfig/401a5dd6b567794a1d18dd9342dfa604-le64.cache-3
7f9367acb000-7f9367acc000 r--s 00000000 08:11 1835076                    /var/cache/fontconfig/e7071f4a29fa870f4323321c154eba04-le64.cache-3
7f9367acc000-7f9367ad0000 r--s 00000000 08:11 1841882                    /var/cache/fontconfig/6eb3985aa4124903f6ff08ba781cd364-le64.cache-3
7f9367ad0000-7f9367ad1000 r--s 00000000 08:11 1835059                    /var/cache/fontconfig/4c73fe0c47614734b17d736dbde7580a-le64.cache-3
7f9367ad1000-7f9367ad2000 r--s 00000000 08:11 1835053                    /var/cache/fontconfig/0d8c3b2ac0904cb8a57a757ad11a4a08-le64.cache-3
7f9367ad2000-7f9367ad3000 r--s 00000000 08:11 1835061                    /var/cache/fontconfig/6a53c69dea097a2d716e069445527da8-le64.cache-3
7f9367ad3000-7f9367ad9000 r--s 00000000 08:11 1835067                    /var/cache/fontconfig/a755afe4a08bf5b97852ceb7400b47bc-le64.cache-3
7f9367ad9000-7f9367ade000 r--s 00000000 08:11 1836262                    /var/cache/fontconfig/515ca1ebc4b18308bea979be5704f9db-le64.cache-3
7f9367ade000-7f9367ae7000 r--s 00000000 08:11 1835062                    /var/cache/fontconfig/6d41288fd70b0be22e8c3a91e032eec0-le64.cache-3
7f9367ae7000-7f9367b15000 r--s 00000000 08:11 1841923                    /var/cache/fontconfig/365b55f210c0a22e9a19e35191240f32-le64.cache-3
7f9367b19000-7f9367b22000 r-xp 00000000 08:11 4851289                    /usr/lib/libXcursor.so.1.0.2
7f9367b22000-7f9367d21000 ---p 00009000 08:11 4851289                    /usr/lib/libXcursor.so.1.0.2
7f9367d21000-7f9367d22000 r--p 00008000 08:11 4851289                    /usr/lib/libXcursor.so.1.0.2
7f9367d22000-7f9367d23000 rw-p 00009000 08:11 4851289                    /usr/lib/libXcursor.so.1.0.2
7f9367d38000-7f9367d3c000 rw-s 00000000 00:04 259653655                  /SYSV00000000 (deleted)
7f9367d3c000-7f9367d3d000 rw-p 00000000 00:00 0 
7f9367d40000-7f9367d41000 r--p 00000000 00:00 0 
7f9367d41000-7f9367d44000 r--s 0007d000 08:11 3032                       /usr/lib/jvm/java-6-openjdk/jre/lib/jsse.jar
7f9367d44000-7f9367d4a000 r--s 000fc000 08:11 3038                       /usr/lib/jvm/java-6-openjdk/jre/lib/resources.jar
7f9367d4a000-7f9367d5a000 r--s 00000000 08:11 1836111                    /var/cache/fontconfig/0f34bcd4b6ee430af32735b75db7f02b-le64.cache-3
7f9367d5a000-7f9367d64000 r--s 00000000 08:11 1835071                    /var/cache/fontconfig/d52a8644073d54c13679302ca1180695-le64.cache-3
7f9367d64000-7f9367d67000 r--s 00000000 08:11 1836501                    /var/cache/fontconfig/e13b20fdb08344e0e664864cc2ede53d-le64.cache-3
7f9367d67000-7f9367d6b000 r--s 00000000 08:11 1836110                    /var/cache/fontconfig/7ef2298fde41cc6eeb7af42e48b7d293-le64.cache-3
7f9367d6b000-7f9367d6e000 ---p 00000000 00:00 0 
7f9367d6e000-7f9367e6c000 rw-p 00000000 00:00 0 
7f9367e6c000-7f9367e82000 r-xp 00000000 08:11 4194538                    /lib/libgcc_s.so.1
7f9367e82000-7f9368081000 ---p 00016000 08:11 4194538                    /lib/libgcc_s.so.1
7f9368081000-7f9368082000 r--p 00015000 08:11 4194538                    /lib/libgcc_s.so.1
7f9368082000-7f9368083000 rw-p 00016000 08:11 4194538                    /lib/libgcc_s.so.1
7f9368083000-7f9368103000 r-xp 00000000 08:11 4850033                    /usr/lib/libfreetype.so.6.3.22
7f9368103000-7f9368303000 ---p 00080000 08:11 4850033                    /usr/lib/libfreetype.so.6.3.22
7f9368303000-7f9368308000 r--p 00080000 08:11 4850033                    /usr/lib/libfreetype.so.6.3.22
7f9368308000-7f9368309000 rw-p 00085000 08:11 4850033                    /usr/lib/libfreetype.so.6.3.22
7f9368309000-7f9368350000 r-xp 00000000 08:11 3057                       /usr/lib/jvm/java-6-openjdk/jre/lib/amd64/libfontmanager.so
7f9368350000-7f936854f000 ---p 00047000 08:11 3057                       /usr/lib/jvm/java-6-openjdk/jre/lib/amd64/libfontmanager.so
7f936854f000-7f9368552000 r--p 00046000 08:11 3057                       /usr/lib/jvm/java-6-openjdk/jre/lib/amd64/libfontmanager.so
7f9368552000-7f9368553000 rw-p 00049000 08:11 3057                       /usr/lib/jvm/java-6-openjdk/jre/lib/amd64/libfontmanager.so
7f9368553000-7f9368565000 rw-p 00000000 00:00 0 
7f9368565000-7f9368568000 ---p 00000000 00:00 0 
7f9368568000-7f9368666000 rw-p 00000000 00:00 0 
7f9368666000-7f936866b000 r-xp 00000000 08:11 4851293                    /usr/lib/libXdmcp.so.6.0.0
7f936866b000-7f936886a000 ---p 00005000 08:11 4851293                    /usr/lib/libXdmcp.so.6.0.0
7f936886a000-7f936886b000 r--p 00004000 08:11 4851293                    /usr/lib/libXdmcp.so.6.0.0
7f936886b000-7f936886c000 rw-p 00005000 08:11 4851293                    /usr/lib/libXdmcp.so.6.0.0
7f936886c000-7f936886e000 r-xp 00000000 08:11 4851282                    /usr/lib/libXau.so.6.0.0
7f936886e000-7f9368a6e000 ---p 00002000 08:11 4851282                    /usr/lib/libXau.so.6.0.0
7f9368a6e000-7f9368a6f000 r--p 00002000 08:11 4851282                    /usr/lib/libXau.so.6.0.0
7f9368a6f000-7f9368a70000 rw-p 00003000 08:11 4851282                    /usr/lib/libXau.so.6.0.0
7f9368a70000-7f9368a8b000 r-xp 00000000 08:11 4852324                    /usr/lib/libxcb.so.1.1.0
7f9368a8b000-7f9368c8a000 ---p 0001b000 08:11 4852324                    /usr/lib/libxcb.so.1.1.0
7f9368c8a000-7f9368c8b000 r--p 0001a000 08:11 4852324                    /usr/lib/libxcb.so.1.1.0
7f9368c8b000-7f9368c8c000 rw-p 0001b000 08:11 4852324                    /usr/lib/libxcb.so.1.1.0
7f9368c8c000-7f9368c9b000 r-xp 00000000 08:11 4851303                    /usr/lib/libXi.so.6.1.0
7f9368c9b000-7f9368e9a000 ---p 0000f000 08:11 4851303                    /usr/lib/libXi.so.6.1.0
7f9368e9a000-7f9368e9b000 r--p 0000e000 08:11 4851303                    /usr/lib/libXi.so.6.1.0
7f9368e9b000-7f9368e9c000 rw-p 0000f000 08:11 4851303                    /usr/lib/libXi.so.6.1.0
7f9368e9c000-7f9368ea1000 r-xp 00000000 08:11 4851323                    /usr/lib/libXtst.so.6.1.0
7f9368ea1000-7f93690a1000 ---p 00005000 08:11 4851323                    /usr/lib/libXtst.so.6.1.0
7f93690a1000-7f93690a2000 r--p 00005000 08:11 4851323                    /usr/lib/libXtst.so.6.1.0
7f93690a2000-7f93690a3000 rw-p 00006000 08:11 4851323                    /usr/lib/libXtst.so.6.1.0
7f93690a3000-7f93690ac000 r-xp 00000000 08:11 4851317                    /usr/lib/libXrender.so.1.3.0
7f93690ac000-7f93692ab000 ---p 00009000 08:11 4851317                    /usr/lib/libXrender.so.1.3.0
7f93692ab000-7f93692ac000 r--p 00008000 08:11 4851317                    /usr/lib/libXrender.so.1.3.0
7f93692ac000-7f93692ad000 rw-p 00009000 08:11 4851317                    /usr/lib/libXrender.so.1.3.0
7f93692ad000-7f93693de000 r-xp 00000000 08:11 4851280                    /usr/lib/libX11.so.6.3.0
7f93693de000-7f93695de000 ---p 00131000 08:11 4851280                    /usr/lib/libX11.so.6.3.0
7f93695de000-7f93695df000 r--p 00131000 08:11 4851280                    /usr/lib/libX11.so.6.3.0
7f93695df000-7f93695e3000 rw-p 00132000 08:11 4851280                    /usr/lib/libX11.so.6.3.0
7f93695e3000-7f93695f4000 r-xp 00000000 08:11 4851295                    /usr/lib/libXext.so.6.4.0
7f93695f4000-7f93697f3000 ---p 00011000 08:11 4851295                    /usr/lib/libXext.so.6.4.0
7f93697f3000-7f93697f4000 r--p 00010000 08:11 4851295                    /usr/lib/libXext.so.6.4.0
7f93697f4000-7f93697f5000 rw-p 00011000 08:11 4851295                    /usr/lib/libXext.so.6.4.0
7f93697f5000-7f93697f8000 r--s 00000000 08:11 1835072                    /var/cache/fontconfig/d60319d88cac85ba9e1a07bd06cfbb8c-le64.cache-3
7f93697f8000-7f93697fd000 r--s 00000000 08:11 1836262                    /var/cache/fontconfig/515ca1ebc4b18308bea979be5704f9db-le64.cache-3
7f93697fd000-7f9369806000 r--s 00000000 08:11 1835062                    /var/cache/fontconfig/6d41288fd70b0be22e8c3a91e032eec0-le64.cache-3
7f9369806000-7f9369816000 r--s 00000000 08:11 1836111                    /var/cache/fontconfig/0f34bcd4b6ee430af32735b75db7f02b-le64.cache-3
7f9369816000-7f9369862000 r-xp 00000000 08:11 4453                       /usr/lib/jvm/java-6-openjdk/jre/lib/amd64/xawt/libmawt.so
7f9369862000-7f9369a62000 ---p 0004c000 08:11 4453                       /usr/lib/jvm/java-6-openjdk/jre/lib/amd64/xawt/libmawt.so
7f9369a62000-7f9369a63000 r--p 0004c000 08:11 4453                       /usr/lib/jvm/java-6-openjdk/jre/lib/amd64/xawt/libmawt.so
7f9369a63000-7f9369a66000 rw-p 0004d000 08:11 4453                       /usr/lib/jvm/java-6-openjdk/jre/lib/amd64/xawt/libmawt.so
7f9369a66000-7f9369a67000 rw-p 00000000 00:00 0 
7f9369a67000-7f9369b09000 r-xp 00000000 08:11 3055                       /usr/lib/jvm/java-6-openjdk/jre/lib/amd64/libawt.so
7f9369b09000-7f9369d09000 ---p 000a2000 08:11 3055                       /usr/lib/jvm/java-6-openjdk/jre/lib/amd64/libawt.so
7f9369d09000-7f9369d0a000 r--p 000a2000 08:11 3055                       /usr/lib/jvm/java-6-openjdk/jre/lib/amd64/libawt.so
7f9369d0a000-7f9369d15000 rw-p 000a3000 08:11 3055                       /usr/lib/jvm/java-6-openjdk/jre/lib/amd64/libawt.so
7f9369d15000-7f9369d3a000 rw-p 00000000 00:00 0 
7f9369d3a000-7f9369d3b000 ---p 00000000 00:00 0 
7f9369d3b000-7f9369e3b000 rw-p 00000000 00:00 0 
7f9369e3b000-7f9369e3e000 ---p 00000000 00:00 0 
7f9369e3e000-7f9369f3c000 rw-p 00000000 00:00 0 
7f9369f3c000-7f9369f3f000 ---p 00000000 00:00 0 
7f9369f3f000-7f936a03d000 rw-p 00000000 00:00 0 
7f936a03d000-7f936a040000 ---p 00000000 00:00 0 
7f936a040000-7f936a13e000 rw-p 00000000 00:00 0 
7f936a13e000-7f936a141000 ---p 00000000 00:00 0 
7f936a141000-7f936a23f000 rw-p 00000000 00:00 0 
7f936a23f000-7f936a246000 r--s 00000000 08:11 4863843                    /usr/lib/gconv/gconv-modules.cache
7f936a246000-7f936a285000 r--p 00000000 08:11 4854784                    /usr/lib/locale/en_GB.utf8/LC_CTYPE
7f936a285000-7f936a288000 ---p 00000000 00:00 0 
7f936a288000-7f936a386000 rw-p 00000000 00:00 0 
7f936a386000-7f936a389000 ---p 00000000 00:00 0 
7f936a389000-7f936a487000 rw-p 00000000 00:00 0 
7f936a487000-7f936a488000 ---p 00000000 00:00 0 
7f936a488000-7f936aa8d000 rw-p 00000000 00:00 0 
7f936aa8d000-7f936aa8f000 r--s 0001d000 08:11 3037                       /usr/lib/jvm/java-6-openjdk/jre/lib/plugin.jar
7f936aa8f000-7f936aa94000 r--s 00045000 08:11 3036                       /usr/lib/jvm/java-6-openjdk/jre/lib/netx.jar
7f936aa94000-7f936aac7000 rw-p 00000000 00:00 0 
7f936aac7000-7f936ac57000 r--s 038c5000 08:11 3044                       /usr/lib/jvm/java-6-openjdk/jre/lib/rt.jar
7f936ac57000-7f936ac7f000 rw-p 00000000 00:00 0 
7f936ac7f000-7f936ac80000 ---p 00000000 00:00 0 
7f936ac80000-7f936ad80000 rw-p 00000000 00:00 0 
7f936ad80000-7f936ad81000 ---p 00000000 00:00 0 
7f936ad81000-7f936ae81000 rw-p 00000000 00:00 0 
7f936ae81000-7f936ae82000 ---p 00000000 00:00 0 
7f936ae82000-7f936af82000 rw-p 00000000 00:00 0 
7f936af82000-7f936af83000 ---p 00000000 00:00 0 
7f936af83000-7f936b08e000 rw-p 00000000 00:00 0 
7f936b08e000-7f936b0d6000 rw-p 00000000 00:00 0 
7f936b0d6000-7f936b0f0000 rw-p 00000000 00:00 0 
7f936b0f0000-7f936b275000 rw-p 00000000 00:00 0 
7f936b275000-7f936b280000 rw-p 00000000 00:00 0 
7f936b280000-7f936b2c8000 rw-p 00000000 00:00 0 
7f936b2c8000-7f936b2e2000 rw-p 00000000 00:00 0 
7f936b2e2000-7f936b466000 rw-p 00000000 00:00 0 
7f936b466000-7f936b474000 rw-p 00000000 00:00 0 
7f936b474000-7f936b536000 rw-p 00000000 00:00 0 
7f936b536000-7f936b537000 rw-p 00000000 00:00 0 
7f936b537000-7f936b7a7000 rwxp 00000000 00:00 0 
7f936b7a7000-7f936e537000 rw-p 00000000 00:00 0 
7f936e537000-7f936e53e000 r-xp 00000000 08:11 3554                       /usr/lib/jvm/java-6-openjdk/jre/lib/amd64/libzip.so
7f936e53e000-7f936e73d000 ---p 00007000 08:11 3554                       /usr/lib/jvm/java-6-openjdk/jre/lib/amd64/libzip.so
7f936e73d000-7f936e73e000 r--p 00006000 08:11 3554                       /usr/lib/jvm/java-6-openjdk/jre/lib/amd64/libzip.so
7f936e73e000-7f936e73f000 rw-p 00007000 08:11 3554                       /usr/lib/jvm/java-6-openjdk/jre/lib/amd64/libzip.so
7f936e73f000-7f936e74b000 r-xp 00000000 08:11 4201768                    /lib/libnss_files-2.11.1.so
7f936e74b000-7f936e94a000 ---p 0000c000 08:11 4201768                    /lib/libnss_files-2.11.1.so
7f936e94a000-7f936e94b000 r--p 0000b000 08:11 4201768                    /lib/libnss_files-2.11.1.so
7f936e94b000-7f936e94c000 rw-p 0000c000 08:11 4201768                    /lib/libnss_files-2.11.1.so
7f936e94c000-7f936e956000 r-xp 00000000 08:11 4201756                    /lib/libnss_nis-2.11.1.so
7f936e956000-7f936eb55000 ---p 0000a000 08:11 4201756                    /lib/libnss_nis-2.11.1.so
7f936eb55000-7f936eb56000 r--p 00009000 08:11 4201756                    /lib/libnss_nis-2.11.1.so
7f936eb56000-7f936eb57000 rw-p 0000a000 08:11 4201756                    /lib/libnss_nis-2.11.1.so
7f936eb57000-7f936eb5f000 r-xp 00000000 08:11 4201755                    /lib/libnss_compat-2.11.1.so
7f936eb5f000-7f936ed5e000 ---p 00008000 08:11 4201755                    /lib/libnss_compat-2.11.1.so
7f936ed5e000-7f936ed5f000 r--p 00007000 08:11 4201755                    /lib/libnss_compat-2.11.1.so
7f936ed5f000-7f936ed60000 rw-p 00008000 08:11 4201755                    /lib/libnss_compat-2.11.1.so
7f936ed60000-7f936ed68000 r-xp 00000000 08:11 4131                       /usr/lib/jvm/java-6-openjdk/jre/lib/amd64/native_threads/libhpi.so
7f936ed68000-7f936ef67000 ---p 00008000 08:11 4131                       /usr/lib/jvm/java-6-openjdk/jre/lib/amd64/native_threads/libhpi.so
7f936ef67000-7f936ef68000 r--p 00007000 08:11 4131                       /usr/lib/jvm/java-6-openjdk/jre/lib/amd64/native_threads/libhpi.so
7f936ef68000-7f936ef69000 rw-p 00008000 08:11 4131                       /usr/lib/jvm/java-6-openjdk/jre/lib/amd64/native_threads/libhpi.so
7f936ef69000-7f936ef80000 r-xp 00000000 08:11 4201729                    /lib/libnsl-2.11.1.so
7f936ef80000-7f936f17f000 ---p 00017000 08:11 4201729                    /lib/libnsl-2.11.1.so
7f936f17f000-7f936f180000 r--p 00016000 08:11 4201729                    /lib/libnsl-2.11.1.so
7f936f180000-7f936f181000 rw-p 00017000 08:11 4201729                    /lib/libnsl-2.11.1.so
7f936f181000-7f936f183000 rw-p 00000000 00:00 0 
7f936f183000-7f936f1b0000 r-xp 00000000 08:11 3064                       /usr/lib/jvm/java-6-openjdk/jre/lib/amd64/libjava.so
7f936f1b0000-7f936f3af000 ---p 0002d000 08:11 3064                       /usr/lib/jvm/java-6-openjdk/jre/lib/amd64/libjava.so
7f936f3af000-7f936f3b0000 r--p 0002c000 08:11 3064                       /usr/lib/jvm/java-6-openjdk/jre/lib/amd64/libjava.so
7f936f3b0000-7f936f3b3000 rw-p 0002d000 08:11 3064                       /usr/lib/jvm/java-6-openjdk/jre/lib/amd64/libjava.so
7f936f3b3000-7f936f3c2000 r-xp 00000000 08:11 3546                       /usr/lib/jvm/java-6-openjdk/jre/lib/amd64/libverify.so
7f936f3c2000-7f936f5c1000 ---p 0000f000 08:11 3546                       /usr/lib/jvm/java-6-openjdk/jre/lib/amd64/libverify.so
7f936f5c1000-7f936f5c3000 r--p 0000e000 08:11 3546                       /usr/lib/jvm/java-6-openjdk/jre/lib/amd64/libverify.so
7f936f5c3000-7f936f5c4000 rw-p 00010000 08:11 3546                       /usr/lib/jvm/java-6-openjdk/jre/lib/amd64/libverify.so
7f936f5c4000-7f936f5cb000 r-xp 00000000 08:11 4201751                    /lib/librt-2.11.1.so
7f936f5cb000-7f936f7ca000 ---p 00007000 08:11 4201751                    /lib/librt-2.11.1.so
7f936f7ca000-7f936f7cb000 r--p 00006000 08:11 4201751                    /lib/librt-2.11.1.so
7f936f7cb000-7f936f7cc000 rw-p 00007000 08:11 4201751                    /lib/librt-2.11.1.so
7f936f7cc000-7f936f84e000 r-xp 00000000 08:11 4194326                    /lib/libm-2.11.1.so
7f936f84e000-7f936fa4d000 ---p 00082000 08:11 4194326                    /lib/libm-2.11.1.so
7f936fa4d000-7f936fa4e000 r--p 00081000 08:11 4194326                    /lib/libm-2.11.1.so
7f936fa4e000-7f936fa4f000 rw-p 00082000 08:11 4194326                    /lib/libm-2.11.1.so
7f936fa4f000-7f93702d5000 r-xp 00000000 08:11 4391                       /usr/lib/jvm/java-6-openjdk/jre/lib/amd64/server/libjvm.so
7f93702d5000-7f93704d4000 ---p 00886000 08:11 4391                       /usr/lib/jvm/java-6-openjdk/jre/lib/amd64/server/libjvm.so
7f93704d4000-7f937054a000 r--p 00885000 08:11 4391                       /usr/lib/jvm/java-6-openjdk/jre/lib/amd64/server/libjvm.so
7f937054a000-7f9370565000 rw-p 008fb000 08:11 4391                       /usr/lib/jvm/java-6-openjdk/jre/lib/amd64/server/libjvm.so
7f9370565000-7f937059e000 rw-p 00000000 00:00 0 
7f937059e000-7f9370718000 r-xp 00000000 08:11 4201765                    /lib/libc-2.11.1.so
7f9370718000-7f9370917000 ---p 0017a000 08:11 4201765                    /lib/libc-2.11.1.so
7f9370917000-7f937091b000 r--p 00179000 08:11 4201765                    /lib/libc-2.11.1.so
7f937091b000-7f937091c000 rw-p 0017d000 08:11 4201765                    /lib/libc-2.11.1.so
7f937091c000-7f9370921000 rw-p 00000000 00:00 0 
7f9370921000-7f9370923000 r-xp 00000000 08:11 4201769                    /lib/libdl-2.11.1.so
7f9370923000-7f9370b23000 ---p 00002000 08:11 4201769                    /lib/libdl-2.11.1.so
7f9370b23000-7f9370b24000 r--p 00002000 08:11 4201769                    /lib/libdl-2.11.1.so
7f9370b24000-7f9370b25000 rw-p 00003000 08:11 4201769                    /lib/libdl-2.11.1.so
7f9370b25000-7f9370b29000 r-xp 00000000 08:11 3046                       /usr/lib/jvm/java-6-openjdk/jre/lib/amd64/jli/libjli.so
7f9370b29000-7f9370d28000 ---p 00004000 08:11 3046                       /usr/lib/jvm/java-6-openjdk/jre/lib/amd64/jli/libjli.so
7f9370d28000-7f9370d29000 r--p 00003000 08:11 3046                       /usr/lib/jvm/java-6-openjdk/jre/lib/amd64/jli/libjli.so
7f9370d29000-7f9370d2a000 rw-p 00004000 08:11 3046                       /usr/lib/jvm/java-6-openjdk/jre/lib/amd64/jli/libjli.so
7f9370d2a000-7f9370d42000 r-xp 00000000 08:11 4201763                    /lib/libpthread-2.11.1.so
7f9370d42000-7f9370f41000 ---p 00018000 08:11 4201763                    /lib/libpthread-2.11.1.so
7f9370f41000-7f9370f42000 r--p 00017000 08:11 4201763                    /lib/libpthread-2.11.1.so
7f9370f42000-7f9370f43000 rw-p 00018000 08:11 4201763                    /lib/libpthread-2.11.1.so
7f9370f43000-7f9370f47000 rw-p 00000000 00:00 0 
7f9370f47000-7f9370f5d000 r-xp 00000000 08:11 4194653                    /lib/libz.so.1.2.3.3
7f9370f5d000-7f937115c000 ---p 00016000 08:11 4194653                    /lib/libz.so.1.2.3.3
7f937115c000-7f937115d000 r--p 00015000 08:11 4194653                    /lib/libz.so.1.2.3.3
7f937115d000-7f937115e000 rw-p 00016000 08:11 4194653                    /lib/libz.so.1.2.3.3
7f937115e000-7f937117e000 r-xp 00000000 08:11 4201748                    /lib/ld-2.11.1.so
7f937117e000-7f937117f000 r--s 00000000 08:11 1836634                    /var/cache/fontconfig/4794a0821666d79190d59a36cb4f44b5-le64.cache-3
7f937117f000-7f9371180000 r--s 00000000 08:11 1835059                    /var/cache/fontconfig/4c73fe0c47614734b17d736dbde7580a-le64.cache-3
7f9371180000-7f9371181000 r--s 00000000 08:11 1835053                    /var/cache/fontconfig/0d8c3b2ac0904cb8a57a757ad11a4a08-le64.cache-3
7f9371181000-7f9371187000 r--s 00000000 08:11 1835067                    /var/cache/fontconfig/a755afe4a08bf5b97852ceb7400b47bc-le64.cache-3
7f9371187000-7f937118a000 r--s 00000000 08:11 1835072                    /var/cache/fontconfig/d60319d88cac85ba9e1a07bd06cfbb8c-le64.cache-3
7f937118a000-7f9371194000 r--s 00000000 08:11 1835071                    /var/cache/fontconfig/d52a8644073d54c13679302ca1180695-le64.cache-3
7f9371194000-7f937119e000 rw-p 00000000 00:00 0 
7f937119e000-7f9371254000 rw-p 00000000 00:00 0 
7f9371254000-7f9371257000 ---p 00000000 00:00 0 
7f9371257000-7f937135a000 rw-p 00000000 00:00 0 
7f937135a000-7f937135b000 r--s 00000000 08:11 1835061                    /var/cache/fontconfig/6a53c69dea097a2d716e069445527da8-le64.cache-3
7f937135b000-7f937135c000 r--s 00000000 08:11 1836634                    /var/cache/fontconfig/4794a0821666d79190d59a36cb4f44b5-le64.cache-3
7f937135c000-7f937135f000 r--s 00000000 08:11 1836501                    /var/cache/fontconfig/e13b20fdb08344e0e664864cc2ede53d-le64.cache-3
7f937135f000-7f9371363000 r--s 00000000 08:11 1836110                    /var/cache/fontconfig/7ef2298fde41cc6eeb7af42e48b7d293-le64.cache-3
7f9371363000-7f9371365000 r--s 0000d000 08:11 3287074                    /home/jussy/git/SerialLAN/lib/RXTXcomm.jar
7f9371365000-7f9371368000 r--s 0000f000 08:11 2912                       /usr/lib/jvm/java-6-openjdk/jre/lib/ext/pulse-java.jar
7f9371368000-7f9371371000 r--s 00065000 08:11 5014623                    /usr/share/java/gnome-java-bridge.jar
7f9371371000-7f9371379000 rw-s 00000000 08:11 1966192                    /tmp/hsperfdata_jussy/25396
7f9371379000-7f937137a000 rw-p 00000000 00:00 0 
7f937137a000-7f937137b000 r--p 00000000 00:00 0 
7f937137b000-7f937137d000 rw-p 00000000 00:00 0 
7f937137d000-7f937137e000 r--p 0001f000 08:11 4201748                    /lib/ld-2.11.1.so
7f937137e000-7f937137f000 rw-p 00020000 08:11 4201748                    /lib/ld-2.11.1.so
7f937137f000-7f9371380000 rw-p 00000000 00:00 0 
7fff36964000-7fff36979000 rw-p 00000000 00:00 0                          [stack]
7fff369ff000-7fff36a00000 r-xp 00000000 00:00 0                          [vdso]
ffffffffff600000-ffffffffff601000 r-xp 00000000 00:00 0                  [vsyscall]

VM Arguments:
jvm_args: -Djava.library.path=/home/jussy/git/SerialLAN/lib -Dfile.encoding=UTF-8 
java_command: com.jlewis.slan.SerialLAN
Launcher Type: SUN_STANDARD

Environment Variables:
PATH=/usr/local/sbin:/usr/local/bin:/usr/sbin:/usr/bin:/sbin:/bin:/usr/games
USERNAME=jussy
LD_LIBRARY_PATH=/usr/lib/jvm/java-6-openjdk/jre/lib/amd64/server:/usr/lib/jvm/java-6-openjdk/jre/lib/amd64:/usr/lib/jvm/java-6-openjdk/jre/../lib/amd64:/usr/lib/xulrunner-1.9.2.27
SHELL=/bin/bash
DISPLAY=:0.0

Signal Handlers:
SIGSEGV: [libjvm.so+0x7240c0], sa_mask[0]=0x7ffbfeff, sa_flags=0x10000004
SIGBUS: [libjvm.so+0x7240c0], sa_mask[0]=0x7ffbfeff, sa_flags=0x10000004
SIGFPE: [libjvm.so+0x5e08f0], sa_mask[0]=0x7ffbfeff, sa_flags=0x10000004
SIGPIPE: [libjvm.so+0x5e08f0], sa_mask[0]=0x7ffbfeff, sa_flags=0x10000004
SIGXFSZ: [libjvm.so+0x5e08f0], sa_mask[0]=0x7ffbfeff, sa_flags=0x10000004
SIGILL: [libjvm.so+0x5e08f0], sa_mask[0]=0x7ffbfeff, sa_flags=0x10000004
SIGUSR1: SIG_DFL, sa_mask[0]=0x00000000, sa_flags=0x00000000
SIGUSR2: [libjvm.so+0x5e0000], sa_mask[0]=0x00000004, sa_flags=0x10000004
SIGHUP: [libjvm.so+0x5e2a70], sa_mask[0]=0x7ffbfeff, sa_flags=0x10000004
SIGINT: [libjvm.so+0x5e2a70], sa_mask[0]=0x7ffbfeff, sa_flags=0x10000004
SIGTERM: [libjvm.so+0x5e2a70], sa_mask[0]=0x7ffbfeff, sa_flags=0x10000004
SIGQUIT: [libjvm.so+0x5e2a70], sa_mask[0]=0x7ffbfeff, sa_flags=0x10000004


---------------  S Y S T E M  ---------------

OS:Ubuntu 10.04 (lucid)
uname:Linux 2.6.32-39-generic #86-Ubuntu SMP Mon Feb 13 21:50:08 UTC 2012 x86_64
libc:glibc 2.11.1 NPTL 2.11.1 
rlimit: STACK 8192k, CORE 0k, NPROC infinity, NOFILE 1024, AS infinity
load average:2.34 2.32 2.33

/proc/meminfo:
MemTotal:        5092140 kB
MemFree:          125680 kB
Buffers:          410016 kB
Cached:          1187492 kB
SwapCached:         5688 kB
Active:          2644196 kB
Inactive:        1256140 kB
Active(anon):    1840884 kB
Inactive(anon):   473396 kB
Active(file):     803312 kB
Inactive(file):   782744 kB
Unevictable:          80 kB
Mlocked:              80 kB
SwapTotal:       4016120 kB
SwapFree:        3976340 kB
Dirty:               292 kB
Writeback:             4 kB
AnonPages:       2297648 kB
Mapped:           705560 kB
Shmem:             11412 kB
Slab:             163004 kB
SReclaimable:     126092 kB
SUnreclaim:        36912 kB
KernelStack:        4224 kB
PageTables:        38660 kB
NFS_Unstable:          0 kB
Bounce:                0 kB
WritebackTmp:          0 kB
CommitLimit:     6562188 kB
Committed_AS:    4451180 kB
VmallocTotal:   34359738367 kB
VmallocUsed:      347352 kB
VmallocChunk:   34359384060 kB
HardwareCorrupted:     0 kB
HugePages_Total:       0
HugePages_Free:        0
HugePages_Rsvd:        0
HugePages_Surp:        0
Hugepagesize:       2048 kB
DirectMap4k:     1199680 kB
DirectMap2M:     4042752 kB
DirectMap1G:           0 kB


CPU:total 4 (4 cores per cpu, 1 threads per core) family 16 model 5 stepping 2, cmov, cx8, fxsr, mmx, sse, sse2, sse3, popcnt, mmxext, 3dnow, 3dnowext, lzcnt, sse4a

Memory: 4k page, physical 5092140k(125680k free), swap 4016120k(3976340k free)

vm_info: OpenJDK 64-Bit Server VM (19.0-b09) for linux-amd64 JRE (1.6.0_20-b20), built on Feb 17 2012 07:09:45 by "buildd" with gcc 4.4.3

time: Wed Mar 14 16:33:39 2012
elapsed time: 1 seconds

