#
# A fatal error has been detected by the Java Runtime Environment:
#
#  SIGSEGV (0xb) at pc=0x00007f8d3b362462, pid=25107, tid=140244798813952
#
# JRE version: 6.0_20-b20
# Java VM: OpenJDK 64-Bit Server VM (19.0-b09 mixed mode linux-amd64 compressed oops)
# Derivative: IcedTea6 1.9.13
# Distribution: Ubuntu 10.04.1 LTS, package 6b20-1.9.13-0ubuntu1~10.04.1
# Problematic frame:
# C  [librxtxSerial.so+0x6462]  read_byte_array+0x52
#
# If you would like to submit a bug report, please include
# instructions how to reproduce the bug and visit:
#   https://bugs.launchpad.net/ubuntu/+source/openjdk-6/
# The crash happened outside the Java Virtual Machine in native code.
# See problematic frame for where to report the bug.
#

---------------  T H R E A D  ---------------

Current thread (0x00000000025b6000):  JavaThread "main" [_thread_in_native, id=25109, stack(0x00007f8d495a3000,0x00007f8d496a4000)]

siginfo:si_signo=SIGSEGV: si_errno=0, si_code=1 (SEGV_MAPERR), si_addr=0x000000003b35a838

Registers:
RAX=0x000000003b35a830, RBX=0x000000000000001c, RCX=0x0000000000000001, RDX=0x00007f8d488bda70
RSP=0x00007f8d496a2610, RBP=0x00000000025b61c8, RSI=0x00007f8d3b365e30, RDI=0x00007f8d3b365d3e
R8 =0x000000000000009c, R9 =0x00000000e67b0888, R10=0x0000000000000002, R11=0x00007f8d488c1ce8
R12=0x00000000ffffffff, R13=0x0000000000000000, R14=0x00007f8d496a27d8, R15=0x00000000025b6000
RIP=0x00007f8d3b362462, EFL=0x0000000000010202, CSGSFS=0x0000000000000033, ERR=0x0000000000000004
  TRAPNO=0x000000000000000e

Register to memory mapping:

RAX=0x000000003b35a830
0x000000003b35a830 is pointing to unknown location

RBX=0x000000000000001c
0x000000000000001c is pointing to unknown location

RCX=0x0000000000000001
0x0000000000000001 is pointing to unknown location

RDX=0x00007f8d488bda70
0x00007f8d488bda70: <offset 0xb1fa70> in /usr/lib/jvm/java-6-openjdk/jre/lib/amd64/server/libjvm.so at 0x00007f8d47d9e000

RSP=0x00007f8d496a2610
0x00007f8d496a2610 is pointing into the stack for thread: 0x00000000025b6000
"main" prio=10 tid=0x00000000025b6000 nid=0x6215 runnable [0x00007f8d496a2000]
   java.lang.Thread.State: RUNNABLE

RBP=0x00000000025b61c8
0x00000000025b61c8 is pointing to unknown location

RSI=0x00007f8d3b365e30
0x00007f8d3b365e30: <offset 0x9e30> in /home/jussy/git/SerialLAN/lib/librxtxSerial.so at 0x00007f8d3b35c000

RDI=0x00007f8d3b365d3e
0x00007f8d3b365d3e: <offset 0x9d3e> in /home/jussy/git/SerialLAN/lib/librxtxSerial.so at 0x00007f8d3b35c000

R8 =0x000000000000009c
0x000000000000009c is pointing to unknown location

R9 =0x00000000e67b0888

[error occurred during error reporting (printing registers, top of stack, instructions near pc), id 0xe0000000]

Stack: [0x00007f8d495a3000,0x00007f8d496a4000],  sp=0x00007f8d496a2610,  free space=1021k
Native frames: (J=compiled Java code, j=interpreted, Vv=VM code, C=native code)
C  [librxtxSerial.so+0x6462]  read_byte_array+0x52

Java frames: (J=compiled Java code, j=interpreted, Vv=VM code)
j  gnu.io.RXTXPort.readByte()I+0
j  gnu.io.RXTXPort$SerialInputStream.read()I+81
j  com.jlewis.slan.SerialPortHandler.getChar()C+7
j  com.jlewis.slan.SerialLAN.receiver()V+35
j  com.jlewis.slan.SerialLAN.main([Ljava/lang/String;)V+101
v  ~StubRoutines::call_stub

---------------  P R O C E S S  ---------------

Java Threads: ( => current thread )
  0x00007f8d3c0c7000 JavaThread "Thread-2" [_thread_in_native, id=25136, stack(0x00007f8d3b25b000,0x00007f8d3b35c000)]
  0x00007f8d3c073000 JavaThread "AWT-EventQueue-0" [_thread_blocked, id=25135, stack(0x00007f8d3b888000,0x00007f8d3b989000)]
  0x00007f8d3c117800 JavaThread "AWT-Shutdown" [_thread_blocked, id=25134, stack(0x00007f8d3b989000,0x00007f8d3ba8a000)]
  0x00007f8d3c134800 JavaThread "AWT-XAWT" daemon [_thread_in_native, id=25129, stack(0x00007f8d3ba8a000,0x00007f8d3bb8b000)]
  0x0000000002758000 JavaThread "Java2D Disposer" daemon [_thread_blocked, id=25128, stack(0x00007f8d400ba000,0x00007f8d401bb000)]
  0x0000000002711000 JavaThread "TimerQueue" daemon [_thread_blocked, id=25126, stack(0x00007f8d408b4000,0x00007f8d409b5000)]
  0x0000000002656000 JavaThread "Low Memory Detector" daemon [_thread_blocked, id=25124, stack(0x00007f8d4218a000,0x00007f8d4228b000)]
  0x0000000002651800 JavaThread "CompilerThread1" daemon [_thread_blocked, id=25123, stack(0x00007f8d4228b000,0x00007f8d4238c000)]
  0x000000000264e800 JavaThread "CompilerThread0" daemon [_thread_blocked, id=25122, stack(0x00007f8d4238c000,0x00007f8d4248d000)]
  0x0000000002640000 JavaThread "Signal Dispatcher" daemon [_thread_blocked, id=25121, stack(0x00007f8d4248d000,0x00007f8d4258e000)]
  0x0000000002627800 JavaThread "Finalizer" daemon [_thread_blocked, id=25120, stack(0x00007f8d425d4000,0x00007f8d426d5000)]
  0x0000000002625800 JavaThread "Reference Handler" daemon [_thread_blocked, id=25119, stack(0x00007f8d426d5000,0x00007f8d427d6000)]
=>0x00000000025b6000 JavaThread "main" [_thread_in_native, id=25109, stack(0x00007f8d495a3000,0x00007f8d496a4000)]

Other Threads:
  0x000000000261e800 VMThread [stack: 0x00007f8d427d6000,0x00007f8d428d7000] [id=25117]
  0x0000000002658800 WatcherThread [stack: 0x00007f8d42089000,0x00007f8d4218a000] [id=25125]

VM state:not at safepoint (normal execution)

VM Mutex/Monitor currently owned by a thread: None

Heap
 PSYoungGen      total 23232K, used 7222K [0x00000000e6160000, 0x00000000e7b40000, 0x0000000100000000)
  eden space 19968K, 36% used [0x00000000e6160000,0x00000000e686d8d0,0x00000000e74e0000)
  from space 3264K, 0% used [0x00000000e7810000,0x00000000e7810000,0x00000000e7b40000)
  to   space 3264K, 0% used [0x00000000e74e0000,0x00000000e74e0000,0x00000000e7810000)
 PSOldGen        total 53120K, used 0K [0x00000000b2400000, 0x00000000b57e0000, 0x00000000e6160000)
  object space 53120K, 0% used [0x00000000b2400000,0x00000000b2400000,0x00000000b57e0000)
 PSPermGen       total 21248K, used 14807K [0x00000000a7e00000, 0x00000000a92c0000, 0x00000000b2400000)
  object space 21248K, 69% used [0x00000000a7e00000,0x00000000a8c75d80,0x00000000a92c0000)

Dynamic libraries:
00400000-00409000 r-xp 00000000 08:11 4413                               /usr/lib/jvm/java-6-openjdk/jre/bin/java
00608000-00609000 r--p 00008000 08:11 4413                               /usr/lib/jvm/java-6-openjdk/jre/bin/java
00609000-0060a000 rw-p 00009000 08:11 4413                               /usr/lib/jvm/java-6-openjdk/jre/bin/java
025ad000-02c3d000 rw-p 00000000 00:00 0                                  [heap]
a7e00000-a92c0000 rw-p 00000000 00:00 0 
a92c0000-b2400000 rw-p 00000000 00:00 0 
b2400000-b57e0000 rw-p 00000000 00:00 0 
b57e0000-e6160000 rw-p 00000000 00:00 0 
e6160000-e7b40000 rw-p 00000000 00:00 0 
e7b40000-100000000 rw-p 00000000 00:00 0 
7f8d3b25b000-7f8d3b25e000 ---p 00000000 00:00 0 
7f8d3b25e000-7f8d3b35c000 rw-p 00000000 00:00 0 
7f8d3b35c000-7f8d3b368000 r-xp 00000000 08:11 3287439                    /home/jussy/git/SerialLAN/lib/librxtxSerial.so
7f8d3b368000-7f8d3b467000 ---p 0000c000 08:11 3287439                    /home/jussy/git/SerialLAN/lib/librxtxSerial.so
7f8d3b467000-7f8d3b469000 rw-p 0000b000 08:11 3287439                    /home/jussy/git/SerialLAN/lib/librxtxSerial.so
7f8d3b469000-7f8d3b471000 r-xp 00000000 08:11 3473                       /usr/lib/jvm/java-6-openjdk/jre/lib/amd64/libnio.so
7f8d3b471000-7f8d3b670000 ---p 00008000 08:11 3473                       /usr/lib/jvm/java-6-openjdk/jre/lib/amd64/libnio.so
7f8d3b670000-7f8d3b671000 r--p 00007000 08:11 3473                       /usr/lib/jvm/java-6-openjdk/jre/lib/amd64/libnio.so
7f8d3b671000-7f8d3b672000 rw-p 00008000 08:11 3473                       /usr/lib/jvm/java-6-openjdk/jre/lib/amd64/libnio.so
7f8d3b672000-7f8d3b687000 r-xp 00000000 08:11 3470                       /usr/lib/jvm/java-6-openjdk/jre/lib/amd64/libnet.so
7f8d3b687000-7f8d3b886000 ---p 00015000 08:11 3470                       /usr/lib/jvm/java-6-openjdk/jre/lib/amd64/libnet.so
7f8d3b886000-7f8d3b887000 r--p 00014000 08:11 3470                       /usr/lib/jvm/java-6-openjdk/jre/lib/amd64/libnet.so
7f8d3b887000-7f8d3b888000 rw-p 00015000 08:11 3470                       /usr/lib/jvm/java-6-openjdk/jre/lib/amd64/libnet.so
7f8d3b888000-7f8d3b88b000 ---p 00000000 00:00 0 
7f8d3b88b000-7f8d3b989000 rw-p 00000000 00:00 0 
7f8d3b989000-7f8d3b98c000 ---p 00000000 00:00 0 
7f8d3b98c000-7f8d3ba8a000 rw-p 00000000 00:00 0 
7f8d3ba8a000-7f8d3ba8d000 ---p 00000000 00:00 0 
7f8d3ba8d000-7f8d3bb8b000 rw-p 00000000 00:00 0 
7f8d3bb8b000-7f8d3bb8c000 r--s 00000000 08:11 1836142                    /var/cache/fontconfig/26de28bc8622bbc1fb67fd234c21975f-le64.cache-3
7f8d3bb8c000-7f8d3bb8d000 r--s 00000000 08:11 1835068                    /var/cache/fontconfig/c05880de57d1f5e948fdfacc138775d9-le64.cache-3
7f8d3bb8d000-7f8d3bb96000 r--s 00000000 08:11 1835065                    /var/cache/fontconfig/945677eb7aeaf62f1d50efc3fb3ec7d8-le64.cache-3
7f8d3bb96000-7f8d3bb98000 r--s 00000000 08:11 1835066                    /var/cache/fontconfig/99e8ed0e538f840c565b6ed5dad60d56-le64.cache-3
7f8d3bb98000-7f8d3bb9b000 r--s 00000000 08:11 1835075                    /var/cache/fontconfig/e383d7ea5fbe662a33d9b44caf393297-le64.cache-3
7f8d3bb9b000-7f8d3bba2000 r--s 00000000 08:11 1836298                    /var/cache/fontconfig/401a5dd6b567794a1d18dd9342dfa604-le64.cache-3
7f8d3bbc9000-7f8d3bbce000 r-xp 00000000 08:11 4851297                    /usr/lib/libXfixes.so.3.1.0
7f8d3bbce000-7f8d3bdcd000 ---p 00005000 08:11 4851297                    /usr/lib/libXfixes.so.3.1.0
7f8d3bdcd000-7f8d3bdce000 r--p 00004000 08:11 4851297                    /usr/lib/libXfixes.so.3.1.0
7f8d3bdce000-7f8d3bdcf000 rw-p 00005000 08:11 4851297                    /usr/lib/libXfixes.so.3.1.0
7f8d3bdcf000-7f8d3bdd8000 r-xp 00000000 08:11 4851289                    /usr/lib/libXcursor.so.1.0.2
7f8d3bdd8000-7f8d3bfd7000 ---p 00009000 08:11 4851289                    /usr/lib/libXcursor.so.1.0.2
7f8d3bfd7000-7f8d3bfd8000 r--p 00008000 08:11 4851289                    /usr/lib/libXcursor.so.1.0.2
7f8d3bfd8000-7f8d3bfd9000 rw-p 00009000 08:11 4851289                    /usr/lib/libXcursor.so.1.0.2
7f8d3bff7000-7f8d3bffa000 rw-s 00000000 00:04 257916943                  /SYSV00000000 (deleted)
7f8d3bffa000-7f8d3c000000 r--s 000fc000 08:11 3038                       /usr/lib/jvm/java-6-openjdk/jre/lib/resources.jar
7f8d3c000000-7f8d3c2a2000 rw-p 00000000 00:00 0 
7f8d3c2a2000-7f8d40000000 ---p 00000000 00:00 0 
7f8d40000000-7f8d40001000 rw-p 00000000 00:00 0 
7f8d40001000-7f8d40002000 r--p 00000000 00:00 0 
7f8d40002000-7f8d40005000 r--s 0007d000 08:11 3032                       /usr/lib/jvm/java-6-openjdk/jre/lib/jsse.jar
7f8d40005000-7f8d40006000 r--s 00000000 08:11 1835076                    /var/cache/fontconfig/e7071f4a29fa870f4323321c154eba04-le64.cache-3
7f8d40006000-7f8d4000a000 r--s 00000000 08:11 1841882                    /var/cache/fontconfig/6eb3985aa4124903f6ff08ba781cd364-le64.cache-3
7f8d4000a000-7f8d4000b000 r--s 00000000 08:11 1835059                    /var/cache/fontconfig/4c73fe0c47614734b17d736dbde7580a-le64.cache-3
7f8d4000b000-7f8d4000c000 r--s 00000000 08:11 1835053                    /var/cache/fontconfig/0d8c3b2ac0904cb8a57a757ad11a4a08-le64.cache-3
7f8d4000c000-7f8d4000d000 r--s 00000000 08:11 1835061                    /var/cache/fontconfig/6a53c69dea097a2d716e069445527da8-le64.cache-3
7f8d4000d000-7f8d40013000 r--s 00000000 08:11 1835067                    /var/cache/fontconfig/a755afe4a08bf5b97852ceb7400b47bc-le64.cache-3
7f8d40013000-7f8d40018000 r--s 00000000 08:11 1836262                    /var/cache/fontconfig/515ca1ebc4b18308bea979be5704f9db-le64.cache-3
7f8d40018000-7f8d40021000 r--s 00000000 08:11 1835062                    /var/cache/fontconfig/6d41288fd70b0be22e8c3a91e032eec0-le64.cache-3
7f8d40021000-7f8d40031000 r--s 00000000 08:11 1836111                    /var/cache/fontconfig/0f34bcd4b6ee430af32735b75db7f02b-le64.cache-3
7f8d40031000-7f8d4005f000 r--s 00000000 08:11 1841923                    /var/cache/fontconfig/365b55f210c0a22e9a19e35191240f32-le64.cache-3
7f8d4005f000-7f8d40069000 r--s 00000000 08:11 1835071                    /var/cache/fontconfig/d52a8644073d54c13679302ca1180695-le64.cache-3
7f8d40069000-7f8d4006c000 r--s 00000000 08:11 1836501                    /var/cache/fontconfig/e13b20fdb08344e0e664864cc2ede53d-le64.cache-3
7f8d4006c000-7f8d40070000 r--s 00000000 08:11 1836110                    /var/cache/fontconfig/7ef2298fde41cc6eeb7af42e48b7d293-le64.cache-3
7f8d40070000-7f8d40071000 r--s 00000000 08:11 1836142                    /var/cache/fontconfig/26de28bc8622bbc1fb67fd234c21975f-le64.cache-3
7f8d40071000-7f8d40072000 r--s 00000000 08:11 1835068                    /var/cache/fontconfig/c05880de57d1f5e948fdfacc138775d9-le64.cache-3
7f8d40072000-7f8d4007b000 r--s 00000000 08:11 1835065                    /var/cache/fontconfig/945677eb7aeaf62f1d50efc3fb3ec7d8-le64.cache-3
7f8d4007b000-7f8d4007d000 r--s 00000000 08:11 1835066                    /var/cache/fontconfig/99e8ed0e538f840c565b6ed5dad60d56-le64.cache-3
7f8d4007d000-7f8d40080000 r--s 00000000 08:11 1835075                    /var/cache/fontconfig/e383d7ea5fbe662a33d9b44caf393297-le64.cache-3
7f8d40080000-7f8d40087000 r--s 00000000 08:11 1836298                    /var/cache/fontconfig/401a5dd6b567794a1d18dd9342dfa604-le64.cache-3
7f8d40087000-7f8d40088000 r--s 00000000 08:11 1835076                    /var/cache/fontconfig/e7071f4a29fa870f4323321c154eba04-le64.cache-3
7f8d40088000-7f8d4008c000 r--s 00000000 08:11 1841882                    /var/cache/fontconfig/6eb3985aa4124903f6ff08ba781cd364-le64.cache-3
7f8d4008c000-7f8d400ba000 r--s 00000000 08:11 1841923                    /var/cache/fontconfig/365b55f210c0a22e9a19e35191240f32-le64.cache-3
7f8d400ba000-7f8d400bd000 ---p 00000000 00:00 0 
7f8d400bd000-7f8d401bb000 rw-p 00000000 00:00 0 
7f8d401bb000-7f8d401d1000 r-xp 00000000 08:11 4194538                    /lib/libgcc_s.so.1
7f8d401d1000-7f8d403d0000 ---p 00016000 08:11 4194538                    /lib/libgcc_s.so.1
7f8d403d0000-7f8d403d1000 r--p 00015000 08:11 4194538                    /lib/libgcc_s.so.1
7f8d403d1000-7f8d403d2000 rw-p 00016000 08:11 4194538                    /lib/libgcc_s.so.1
7f8d403d2000-7f8d40452000 r-xp 00000000 08:11 4850033                    /usr/lib/libfreetype.so.6.3.22
7f8d40452000-7f8d40652000 ---p 00080000 08:11 4850033                    /usr/lib/libfreetype.so.6.3.22
7f8d40652000-7f8d40657000 r--p 00080000 08:11 4850033                    /usr/lib/libfreetype.so.6.3.22
7f8d40657000-7f8d40658000 rw-p 00085000 08:11 4850033                    /usr/lib/libfreetype.so.6.3.22
7f8d40658000-7f8d4069f000 r-xp 00000000 08:11 3057                       /usr/lib/jvm/java-6-openjdk/jre/lib/amd64/libfontmanager.so
7f8d4069f000-7f8d4089e000 ---p 00047000 08:11 3057                       /usr/lib/jvm/java-6-openjdk/jre/lib/amd64/libfontmanager.so
7f8d4089e000-7f8d408a1000 r--p 00046000 08:11 3057                       /usr/lib/jvm/java-6-openjdk/jre/lib/amd64/libfontmanager.so
7f8d408a1000-7f8d408a2000 rw-p 00049000 08:11 3057                       /usr/lib/jvm/java-6-openjdk/jre/lib/amd64/libfontmanager.so
7f8d408a2000-7f8d408b4000 rw-p 00000000 00:00 0 
7f8d408b4000-7f8d408b7000 ---p 00000000 00:00 0 
7f8d408b7000-7f8d409b5000 rw-p 00000000 00:00 0 
7f8d409b5000-7f8d409ba000 r-xp 00000000 08:11 4851293                    /usr/lib/libXdmcp.so.6.0.0
7f8d409ba000-7f8d40bb9000 ---p 00005000 08:11 4851293                    /usr/lib/libXdmcp.so.6.0.0
7f8d40bb9000-7f8d40bba000 r--p 00004000 08:11 4851293                    /usr/lib/libXdmcp.so.6.0.0
7f8d40bba000-7f8d40bbb000 rw-p 00005000 08:11 4851293                    /usr/lib/libXdmcp.so.6.0.0
7f8d40bbb000-7f8d40bbd000 r-xp 00000000 08:11 4851282                    /usr/lib/libXau.so.6.0.0
7f8d40bbd000-7f8d40dbd000 ---p 00002000 08:11 4851282                    /usr/lib/libXau.so.6.0.0
7f8d40dbd000-7f8d40dbe000 r--p 00002000 08:11 4851282                    /usr/lib/libXau.so.6.0.0
7f8d40dbe000-7f8d40dbf000 rw-p 00003000 08:11 4851282                    /usr/lib/libXau.so.6.0.0
7f8d40dbf000-7f8d40dda000 r-xp 00000000 08:11 4852324                    /usr/lib/libxcb.so.1.1.0
7f8d40dda000-7f8d40fd9000 ---p 0001b000 08:11 4852324                    /usr/lib/libxcb.so.1.1.0
7f8d40fd9000-7f8d40fda000 r--p 0001a000 08:11 4852324                    /usr/lib/libxcb.so.1.1.0
7f8d40fda000-7f8d40fdb000 rw-p 0001b000 08:11 4852324                    /usr/lib/libxcb.so.1.1.0
7f8d40fdb000-7f8d40fea000 r-xp 00000000 08:11 4851303                    /usr/lib/libXi.so.6.1.0
7f8d40fea000-7f8d411e9000 ---p 0000f000 08:11 4851303                    /usr/lib/libXi.so.6.1.0
7f8d411e9000-7f8d411ea000 r--p 0000e000 08:11 4851303                    /usr/lib/libXi.so.6.1.0
7f8d411ea000-7f8d411eb000 rw-p 0000f000 08:11 4851303                    /usr/lib/libXi.so.6.1.0
7f8d411eb000-7f8d411f0000 r-xp 00000000 08:11 4851323                    /usr/lib/libXtst.so.6.1.0
7f8d411f0000-7f8d413f0000 ---p 00005000 08:11 4851323                    /usr/lib/libXtst.so.6.1.0
7f8d413f0000-7f8d413f1000 r--p 00005000 08:11 4851323                    /usr/lib/libXtst.so.6.1.0
7f8d413f1000-7f8d413f2000 rw-p 00006000 08:11 4851323                    /usr/lib/libXtst.so.6.1.0
7f8d413f2000-7f8d413fb000 r-xp 00000000 08:11 4851317                    /usr/lib/libXrender.so.1.3.0
7f8d413fb000-7f8d415fa000 ---p 00009000 08:11 4851317                    /usr/lib/libXrender.so.1.3.0
7f8d415fa000-7f8d415fb000 r--p 00008000 08:11 4851317                    /usr/lib/libXrender.so.1.3.0
7f8d415fb000-7f8d415fc000 rw-p 00009000 08:11 4851317                    /usr/lib/libXrender.so.1.3.0
7f8d415fc000-7f8d4172d000 r-xp 00000000 08:11 4851280                    /usr/lib/libX11.so.6.3.0
7f8d4172d000-7f8d4192d000 ---p 00131000 08:11 4851280                    /usr/lib/libX11.so.6.3.0
7f8d4192d000-7f8d4192e000 r--p 00131000 08:11 4851280                    /usr/lib/libX11.so.6.3.0
7f8d4192e000-7f8d41932000 rw-p 00132000 08:11 4851280                    /usr/lib/libX11.so.6.3.0
7f8d41932000-7f8d41943000 r-xp 00000000 08:11 4851295                    /usr/lib/libXext.so.6.4.0
7f8d41943000-7f8d41b42000 ---p 00011000 08:11 4851295                    /usr/lib/libXext.so.6.4.0
7f8d41b42000-7f8d41b43000 r--p 00010000 08:11 4851295                    /usr/lib/libXext.so.6.4.0
7f8d41b43000-7f8d41b44000 rw-p 00011000 08:11 4851295                    /usr/lib/libXext.so.6.4.0
7f8d41b44000-7f8d41b47000 r--s 00000000 08:11 1835072                    /var/cache/fontconfig/d60319d88cac85ba9e1a07bd06cfbb8c-le64.cache-3
7f8d41b47000-7f8d41b4c000 r--s 00000000 08:11 1836262                    /var/cache/fontconfig/515ca1ebc4b18308bea979be5704f9db-le64.cache-3
7f8d41b4c000-7f8d41b55000 r--s 00000000 08:11 1835062                    /var/cache/fontconfig/6d41288fd70b0be22e8c3a91e032eec0-le64.cache-3
7f8d41b55000-7f8d41b65000 r--s 00000000 08:11 1836111                    /var/cache/fontconfig/0f34bcd4b6ee430af32735b75db7f02b-le64.cache-3
7f8d41b65000-7f8d41bb1000 r-xp 00000000 08:11 4453                       /usr/lib/jvm/java-6-openjdk/jre/lib/amd64/xawt/libmawt.so
7f8d41bb1000-7f8d41db1000 ---p 0004c000 08:11 4453                       /usr/lib/jvm/java-6-openjdk/jre/lib/amd64/xawt/libmawt.so
7f8d41db1000-7f8d41db2000 r--p 0004c000 08:11 4453                       /usr/lib/jvm/java-6-openjdk/jre/lib/amd64/xawt/libmawt.so
7f8d41db2000-7f8d41db5000 rw-p 0004d000 08:11 4453                       /usr/lib/jvm/java-6-openjdk/jre/lib/amd64/xawt/libmawt.so
7f8d41db5000-7f8d41db6000 rw-p 00000000 00:00 0 
7f8d41db6000-7f8d41e58000 r-xp 00000000 08:11 3055                       /usr/lib/jvm/java-6-openjdk/jre/lib/amd64/libawt.so
7f8d41e58000-7f8d42058000 ---p 000a2000 08:11 3055                       /usr/lib/jvm/java-6-openjdk/jre/lib/amd64/libawt.so
7f8d42058000-7f8d42059000 r--p 000a2000 08:11 3055                       /usr/lib/jvm/java-6-openjdk/jre/lib/amd64/libawt.so
7f8d42059000-7f8d42064000 rw-p 000a3000 08:11 3055                       /usr/lib/jvm/java-6-openjdk/jre/lib/amd64/libawt.so
7f8d42064000-7f8d42089000 rw-p 00000000 00:00 0 
7f8d42089000-7f8d4208a000 ---p 00000000 00:00 0 
7f8d4208a000-7f8d4218a000 rw-p 00000000 00:00 0 
7f8d4218a000-7f8d4218d000 ---p 00000000 00:00 0 
7f8d4218d000-7f8d4228b000 rw-p 00000000 00:00 0 
7f8d4228b000-7f8d4228e000 ---p 00000000 00:00 0 
7f8d4228e000-7f8d4238c000 rw-p 00000000 00:00 0 
7f8d4238c000-7f8d4238f000 ---p 00000000 00:00 0 
7f8d4238f000-7f8d4248d000 rw-p 00000000 00:00 0 
7f8d4248d000-7f8d42490000 ---p 00000000 00:00 0 
7f8d42490000-7f8d4258e000 rw-p 00000000 00:00 0 
7f8d4258e000-7f8d42595000 r--s 00000000 08:11 4863843                    /usr/lib/gconv/gconv-modules.cache
7f8d42595000-7f8d425d4000 r--p 00000000 08:11 4854784                    /usr/lib/locale/en_GB.utf8/LC_CTYPE
7f8d425d4000-7f8d425d7000 ---p 00000000 00:00 0 
7f8d425d7000-7f8d426d5000 rw-p 00000000 00:00 0 
7f8d426d5000-7f8d426d8000 ---p 00000000 00:00 0 
7f8d426d8000-7f8d427d6000 rw-p 00000000 00:00 0 
7f8d427d6000-7f8d427d7000 ---p 00000000 00:00 0 
7f8d427d7000-7f8d42ddc000 rw-p 00000000 00:00 0 
7f8d42ddc000-7f8d42dde000 r--s 0001d000 08:11 3037                       /usr/lib/jvm/java-6-openjdk/jre/lib/plugin.jar
7f8d42dde000-7f8d42de3000 r--s 00045000 08:11 3036                       /usr/lib/jvm/java-6-openjdk/jre/lib/netx.jar
7f8d42de3000-7f8d42e16000 rw-p 00000000 00:00 0 
7f8d42e16000-7f8d42fa6000 r--s 038c5000 08:11 3044                       /usr/lib/jvm/java-6-openjdk/jre/lib/rt.jar
7f8d42fa6000-7f8d42fce000 rw-p 00000000 00:00 0 
7f8d42fce000-7f8d42fcf000 ---p 00000000 00:00 0 
7f8d42fcf000-7f8d430cf000 rw-p 00000000 00:00 0 
7f8d430cf000-7f8d430d0000 ---p 00000000 00:00 0 
7f8d430d0000-7f8d431d0000 rw-p 00000000 00:00 0 
7f8d431d0000-7f8d431d1000 ---p 00000000 00:00 0 
7f8d431d1000-7f8d432d1000 rw-p 00000000 00:00 0 
7f8d432d1000-7f8d432d2000 ---p 00000000 00:00 0 
7f8d432d2000-7f8d433dd000 rw-p 00000000 00:00 0 
7f8d433dd000-7f8d43425000 rw-p 00000000 00:00 0 
7f8d43425000-7f8d4343f000 rw-p 00000000 00:00 0 
7f8d4343f000-7f8d435c4000 rw-p 00000000 00:00 0 
7f8d435c4000-7f8d435cf000 rw-p 00000000 00:00 0 
7f8d435cf000-7f8d43617000 rw-p 00000000 00:00 0 
7f8d43617000-7f8d43631000 rw-p 00000000 00:00 0 
7f8d43631000-7f8d437b5000 rw-p 00000000 00:00 0 
7f8d437b5000-7f8d437c3000 rw-p 00000000 00:00 0 
7f8d437c3000-7f8d43885000 rw-p 00000000 00:00 0 
7f8d43885000-7f8d43886000 rw-p 00000000 00:00 0 
7f8d43886000-7f8d43af6000 rwxp 00000000 00:00 0 
7f8d43af6000-7f8d46886000 rw-p 00000000 00:00 0 
7f8d46886000-7f8d4688d000 r-xp 00000000 08:11 3554                       /usr/lib/jvm/java-6-openjdk/jre/lib/amd64/libzip.so
7f8d4688d000-7f8d46a8c000 ---p 00007000 08:11 3554                       /usr/lib/jvm/java-6-openjdk/jre/lib/amd64/libzip.so
7f8d46a8c000-7f8d46a8d000 r--p 00006000 08:11 3554                       /usr/lib/jvm/java-6-openjdk/jre/lib/amd64/libzip.so
7f8d46a8d000-7f8d46a8e000 rw-p 00007000 08:11 3554                       /usr/lib/jvm/java-6-openjdk/jre/lib/amd64/libzip.so
7f8d46a8e000-7f8d46a9a000 r-xp 00000000 08:11 4201768                    /lib/libnss_files-2.11.1.so
7f8d46a9a000-7f8d46c99000 ---p 0000c000 08:11 4201768                    /lib/libnss_files-2.11.1.so
7f8d46c99000-7f8d46c9a000 r--p 0000b000 08:11 4201768                    /lib/libnss_files-2.11.1.so
7f8d46c9a000-7f8d46c9b000 rw-p 0000c000 08:11 4201768                    /lib/libnss_files-2.11.1.so
7f8d46c9b000-7f8d46ca5000 r-xp 00000000 08:11 4201756                    /lib/libnss_nis-2.11.1.so
7f8d46ca5000-7f8d46ea4000 ---p 0000a000 08:11 4201756                    /lib/libnss_nis-2.11.1.so
7f8d46ea4000-7f8d46ea5000 r--p 00009000 08:11 4201756                    /lib/libnss_nis-2.11.1.so
7f8d46ea5000-7f8d46ea6000 rw-p 0000a000 08:11 4201756                    /lib/libnss_nis-2.11.1.so
7f8d46ea6000-7f8d46eae000 r-xp 00000000 08:11 4201755                    /lib/libnss_compat-2.11.1.so
7f8d46eae000-7f8d470ad000 ---p 00008000 08:11 4201755                    /lib/libnss_compat-2.11.1.so
7f8d470ad000-7f8d470ae000 r--p 00007000 08:11 4201755                    /lib/libnss_compat-2.11.1.so
7f8d470ae000-7f8d470af000 rw-p 00008000 08:11 4201755                    /lib/libnss_compat-2.11.1.so
7f8d470af000-7f8d470b7000 r-xp 00000000 08:11 4131                       /usr/lib/jvm/java-6-openjdk/jre/lib/amd64/native_threads/libhpi.so
7f8d470b7000-7f8d472b6000 ---p 00008000 08:11 4131                       /usr/lib/jvm/java-6-openjdk/jre/lib/amd64/native_threads/libhpi.so
7f8d472b6000-7f8d472b7000 r--p 00007000 08:11 4131                       /usr/lib/jvm/java-6-openjdk/jre/lib/amd64/native_threads/libhpi.so
7f8d472b7000-7f8d472b8000 rw-p 00008000 08:11 4131                       /usr/lib/jvm/java-6-openjdk/jre/lib/amd64/native_threads/libhpi.so
7f8d472b8000-7f8d472cf000 r-xp 00000000 08:11 4201729                    /lib/libnsl-2.11.1.so
7f8d472cf000-7f8d474ce000 ---p 00017000 08:11 4201729                    /lib/libnsl-2.11.1.so
7f8d474ce000-7f8d474cf000 r--p 00016000 08:11 4201729                    /lib/libnsl-2.11.1.so
7f8d474cf000-7f8d474d0000 rw-p 00017000 08:11 4201729                    /lib/libnsl-2.11.1.so
7f8d474d0000-7f8d474d2000 rw-p 00000000 00:00 0 
7f8d474d2000-7f8d474ff000 r-xp 00000000 08:11 3064                       /usr/lib/jvm/java-6-openjdk/jre/lib/amd64/libjava.so
7f8d474ff000-7f8d476fe000 ---p 0002d000 08:11 3064                       /usr/lib/jvm/java-6-openjdk/jre/lib/amd64/libjava.so
7f8d476fe000-7f8d476ff000 r--p 0002c000 08:11 3064                       /usr/lib/jvm/java-6-openjdk/jre/lib/amd64/libjava.so
7f8d476ff000-7f8d47702000 rw-p 0002d000 08:11 3064                       /usr/lib/jvm/java-6-openjdk/jre/lib/amd64/libjava.so
7f8d47702000-7f8d47711000 r-xp 00000000 08:11 3546                       /usr/lib/jvm/java-6-openjdk/jre/lib/amd64/libverify.so
7f8d47711000-7f8d47910000 ---p 0000f000 08:11 3546                       /usr/lib/jvm/java-6-openjdk/jre/lib/amd64/libverify.so
7f8d47910000-7f8d47912000 r--p 0000e000 08:11 3546                       /usr/lib/jvm/java-6-openjdk/jre/lib/amd64/libverify.so
7f8d47912000-7f8d47913000 rw-p 00010000 08:11 3546                       /usr/lib/jvm/java-6-openjdk/jre/lib/amd64/libverify.so
7f8d47913000-7f8d4791a000 r-xp 00000000 08:11 4201751                    /lib/librt-2.11.1.so
7f8d4791a000-7f8d47b19000 ---p 00007000 08:11 4201751                    /lib/librt-2.11.1.so
7f8d47b19000-7f8d47b1a000 r--p 00006000 08:11 4201751                    /lib/librt-2.11.1.so
7f8d47b1a000-7f8d47b1b000 rw-p 00007000 08:11 4201751                    /lib/librt-2.11.1.so
7f8d47b1b000-7f8d47b9d000 r-xp 00000000 08:11 4194326                    /lib/libm-2.11.1.so
7f8d47b9d000-7f8d47d9c000 ---p 00082000 08:11 4194326                    /lib/libm-2.11.1.so
7f8d47d9c000-7f8d47d9d000 r--p 00081000 08:11 4194326                    /lib/libm-2.11.1.so
7f8d47d9d000-7f8d47d9e000 rw-p 00082000 08:11 4194326                    /lib/libm-2.11.1.so
7f8d47d9e000-7f8d48624000 r-xp 00000000 08:11 4391                       /usr/lib/jvm/java-6-openjdk/jre/lib/amd64/server/libjvm.so
7f8d48624000-7f8d48823000 ---p 00886000 08:11 4391                       /usr/lib/jvm/java-6-openjdk/jre/lib/amd64/server/libjvm.so
7f8d48823000-7f8d48899000 r--p 00885000 08:11 4391                       /usr/lib/jvm/java-6-openjdk/jre/lib/amd64/server/libjvm.so
7f8d48899000-7f8d488b4000 rw-p 008fb000 08:11 4391                       /usr/lib/jvm/java-6-openjdk/jre/lib/amd64/server/libjvm.so
7f8d488b4000-7f8d488ed000 rw-p 00000000 00:00 0 
7f8d488ed000-7f8d48a67000 r-xp 00000000 08:11 4201765                    /lib/libc-2.11.1.so
7f8d48a67000-7f8d48c66000 ---p 0017a000 08:11 4201765                    /lib/libc-2.11.1.so
7f8d48c66000-7f8d48c6a000 r--p 00179000 08:11 4201765                    /lib/libc-2.11.1.so
7f8d48c6a000-7f8d48c6b000 rw-p 0017d000 08:11 4201765                    /lib/libc-2.11.1.so
7f8d48c6b000-7f8d48c70000 rw-p 00000000 00:00 0 
7f8d48c70000-7f8d48c72000 r-xp 00000000 08:11 4201769                    /lib/libdl-2.11.1.so
7f8d48c72000-7f8d48e72000 ---p 00002000 08:11 4201769                    /lib/libdl-2.11.1.so
7f8d48e72000-7f8d48e73000 r--p 00002000 08:11 4201769                    /lib/libdl-2.11.1.so
7f8d48e73000-7f8d48e74000 rw-p 00003000 08:11 4201769                    /lib/libdl-2.11.1.so
7f8d48e74000-7f8d48e78000 r-xp 00000000 08:11 3046                       /usr/lib/jvm/java-6-openjdk/jre/lib/amd64/jli/libjli.so
7f8d48e78000-7f8d49077000 ---p 00004000 08:11 3046                       /usr/lib/jvm/java-6-openjdk/jre/lib/amd64/jli/libjli.so
7f8d49077000-7f8d49078000 r--p 00003000 08:11 3046                       /usr/lib/jvm/java-6-openjdk/jre/lib/amd64/jli/libjli.so
7f8d49078000-7f8d49079000 rw-p 00004000 08:11 3046                       /usr/lib/jvm/java-6-openjdk/jre/lib/amd64/jli/libjli.so
7f8d49079000-7f8d49091000 r-xp 00000000 08:11 4201763                    /lib/libpthread-2.11.1.so
7f8d49091000-7f8d49290000 ---p 00018000 08:11 4201763                    /lib/libpthread-2.11.1.so
7f8d49290000-7f8d49291000 r--p 00017000 08:11 4201763                    /lib/libpthread-2.11.1.so
7f8d49291000-7f8d49292000 rw-p 00018000 08:11 4201763                    /lib/libpthread-2.11.1.so
7f8d49292000-7f8d49296000 rw-p 00000000 00:00 0 
7f8d49296000-7f8d492ac000 r-xp 00000000 08:11 4194653                    /lib/libz.so.1.2.3.3
7f8d492ac000-7f8d494ab000 ---p 00016000 08:11 4194653                    /lib/libz.so.1.2.3.3
7f8d494ab000-7f8d494ac000 r--p 00015000 08:11 4194653                    /lib/libz.so.1.2.3.3
7f8d494ac000-7f8d494ad000 rw-p 00016000 08:11 4194653                    /lib/libz.so.1.2.3.3
7f8d494ad000-7f8d494cd000 r-xp 00000000 08:11 4201748                    /lib/ld-2.11.1.so
7f8d494cd000-7f8d494ce000 r--s 00000000 08:11 1836634                    /var/cache/fontconfig/4794a0821666d79190d59a36cb4f44b5-le64.cache-3
7f8d494ce000-7f8d494cf000 r--s 00000000 08:11 1835059                    /var/cache/fontconfig/4c73fe0c47614734b17d736dbde7580a-le64.cache-3
7f8d494cf000-7f8d494d0000 r--s 00000000 08:11 1835053                    /var/cache/fontconfig/0d8c3b2ac0904cb8a57a757ad11a4a08-le64.cache-3
7f8d494d0000-7f8d494d6000 r--s 00000000 08:11 1835067                    /var/cache/fontconfig/a755afe4a08bf5b97852ceb7400b47bc-le64.cache-3
7f8d494d6000-7f8d494d9000 r--s 00000000 08:11 1835072                    /var/cache/fontconfig/d60319d88cac85ba9e1a07bd06cfbb8c-le64.cache-3
7f8d494d9000-7f8d494e3000 r--s 00000000 08:11 1835071                    /var/cache/fontconfig/d52a8644073d54c13679302ca1180695-le64.cache-3
7f8d494e3000-7f8d494ed000 rw-p 00000000 00:00 0 
7f8d494ed000-7f8d495a3000 rw-p 00000000 00:00 0 
7f8d495a3000-7f8d495a6000 ---p 00000000 00:00 0 
7f8d495a6000-7f8d496a9000 rw-p 00000000 00:00 0 
7f8d496a9000-7f8d496aa000 r--s 00000000 08:11 1835061                    /var/cache/fontconfig/6a53c69dea097a2d716e069445527da8-le64.cache-3
7f8d496aa000-7f8d496ab000 r--s 00000000 08:11 1836634                    /var/cache/fontconfig/4794a0821666d79190d59a36cb4f44b5-le64.cache-3
7f8d496ab000-7f8d496ae000 r--s 00000000 08:11 1836501                    /var/cache/fontconfig/e13b20fdb08344e0e664864cc2ede53d-le64.cache-3
7f8d496ae000-7f8d496b2000 r--s 00000000 08:11 1836110                    /var/cache/fontconfig/7ef2298fde41cc6eeb7af42e48b7d293-le64.cache-3
7f8d496b2000-7f8d496b4000 r--s 0000d000 08:11 3287074                    /home/jussy/git/SerialLAN/lib/RXTXcomm.jar
7f8d496b4000-7f8d496b7000 r--s 0000f000 08:11 2912                       /usr/lib/jvm/java-6-openjdk/jre/lib/ext/pulse-java.jar
7f8d496b7000-7f8d496c0000 r--s 00065000 08:11 5014623                    /usr/share/java/gnome-java-bridge.jar
7f8d496c0000-7f8d496c8000 rw-s 00000000 08:11 1966192                    /tmp/hsperfdata_jussy/25107
7f8d496c8000-7f8d496c9000 rw-p 00000000 00:00 0 
7f8d496c9000-7f8d496ca000 r--p 00000000 00:00 0 
7f8d496ca000-7f8d496cc000 rw-p 00000000 00:00 0 
7f8d496cc000-7f8d496cd000 r--p 0001f000 08:11 4201748                    /lib/ld-2.11.1.so
7f8d496cd000-7f8d496ce000 rw-p 00020000 08:11 4201748                    /lib/ld-2.11.1.so
7f8d496ce000-7f8d496cf000 rw-p 00000000 00:00 0 
7fffd9be0000-7fffd9bf5000 rw-p 00000000 00:00 0                          [stack]
7fffd9bff000-7fffd9c00000 r-xp 00000000 00:00 0                          [vdso]
ffffffffff600000-ffffffffff601000 r-xp 00000000 00:00 0                  [vsyscall]

VM Arguments:
jvm_args: -Djava.library.path=/home/jussy/git/SerialLAN/lib -Dfile.encoding=UTF-8 
java_command: com.jlewis.slan.SerialLAN
Launcher Type: SUN_STANDARD

Environment Variables:
PATH=/usr/local/sbin:/usr/local/bin:/usr/sbin:/usr/bin:/sbin:/bin:/usr/games
USERNAME=jussy
LD_LIBRARY_PATH=/usr/lib/jvm/java-6-openjdk/jre/lib/amd64/server:/usr/lib/jvm/java-6-openjdk/jre/lib/amd64:/usr/lib/jvm/java-6-openjdk/jre/../lib/amd64:/usr/lib/xulrunner-1.9.2.27
SHELL=/bin/bash
DISPLAY=:0.0

Signal Handlers:
SIGSEGV: [libjvm.so+0x7240c0], sa_mask[0]=0x7ffbfeff, sa_flags=0x10000004
SIGBUS: [libjvm.so+0x7240c0], sa_mask[0]=0x7ffbfeff, sa_flags=0x10000004
SIGFPE: [libjvm.so+0x5e08f0], sa_mask[0]=0x7ffbfeff, sa_flags=0x10000004
SIGPIPE: [libjvm.so+0x5e08f0], sa_mask[0]=0x7ffbfeff, sa_flags=0x10000004
SIGXFSZ: [libjvm.so+0x5e08f0], sa_mask[0]=0x7ffbfeff, sa_flags=0x10000004
SIGILL: [libjvm.so+0x5e08f0], sa_mask[0]=0x7ffbfeff, sa_flags=0x10000004
SIGUSR1: SIG_DFL, sa_mask[0]=0x00000000, sa_flags=0x00000000
SIGUSR2: [libjvm.so+0x5e0000], sa_mask[0]=0x00000004, sa_flags=0x10000004
SIGHUP: [libjvm.so+0x5e2a70], sa_mask[0]=0x7ffbfeff, sa_flags=0x10000004
SIGINT: [libjvm.so+0x5e2a70], sa_mask[0]=0x7ffbfeff, sa_flags=0x10000004
SIGTERM: [libjvm.so+0x5e2a70], sa_mask[0]=0x7ffbfeff, sa_flags=0x10000004
SIGQUIT: [libjvm.so+0x5e2a70], sa_mask[0]=0x7ffbfeff, sa_flags=0x10000004


---------------  S Y S T E M  ---------------

OS:Ubuntu 10.04 (lucid)
uname:Linux 2.6.32-39-generic #86-Ubuntu SMP Mon Feb 13 21:50:08 UTC 2012 x86_64
libc:glibc 2.11.1 NPTL 2.11.1 
rlimit: STACK 8192k, CORE 0k, NPROC infinity, NOFILE 1024, AS infinity
load average:2.12 2.25 2.34

/proc/meminfo:
MemTotal:        5092140 kB
MemFree:           74524 kB
Buffers:          429920 kB
Cached:          1221476 kB
SwapCached:         5776 kB
Active:          2632988 kB
Inactive:        1320356 kB
Active(anon):    1838292 kB
Inactive(anon):   475064 kB
Active(file):     794696 kB
Inactive(file):   845292 kB
Unevictable:          80 kB
Mlocked:              80 kB
SwapTotal:       4016120 kB
SwapFree:        3976952 kB
Dirty:               496 kB
Writeback:             0 kB
AnonPages:       2296720 kB
Mapped:           705312 kB
Shmem:             11404 kB
Slab:             163380 kB
SReclaimable:     126652 kB
SUnreclaim:        36728 kB
KernelStack:        4232 kB
PageTables:        38596 kB
NFS_Unstable:          0 kB
Bounce:                0 kB
WritebackTmp:          0 kB
CommitLimit:     6562188 kB
Committed_AS:    4453452 kB
VmallocTotal:   34359738367 kB
VmallocUsed:      347352 kB
VmallocChunk:   34359384060 kB
HardwareCorrupted:     0 kB
HugePages_Total:       0
HugePages_Free:        0
HugePages_Rsvd:        0
HugePages_Surp:        0
Hugepagesize:       2048 kB
DirectMap4k:     1199680 kB
DirectMap2M:     4042752 kB
DirectMap1G:           0 kB


CPU:total 4 (4 cores per cpu, 1 threads per core) family 16 model 5 stepping 2, cmov, cx8, fxsr, mmx, sse, sse2, sse3, popcnt, mmxext, 3dnow, 3dnowext, lzcnt, sse4a

Memory: 4k page, physical 5092140k(74524k free), swap 4016120k(3976952k free)

vm_info: OpenJDK 64-Bit Server VM (19.0-b09) for linux-amd64 JRE (1.6.0_20-b20), built on Feb 17 2012 07:09:45 by "buildd" with gcc 4.4.3

time: Wed Mar 14 16:15:52 2012
elapsed time: 1 seconds

