#
# A fatal error has been detected by the Java Runtime Environment:
#
#  SIGSEGV (0xb) at pc=0x00007f71485ca462, pid=25212, tid=140124693763840
#
# JRE version: 6.0_20-b20
# Java VM: OpenJDK 64-Bit Server VM (19.0-b09 mixed mode linux-amd64 compressed oops)
# Derivative: IcedTea6 1.9.13
# Distribution: Ubuntu 10.04.1 LTS, package 6b20-1.9.13-0ubuntu1~10.04.1
# Problematic frame:
# C  [librxtxSerial.so+0x6462]  read_byte_array+0x52
#
# If you would like to submit a bug report, please include
# instructions how to reproduce the bug and visit:
#   https://bugs.launchpad.net/ubuntu/+source/openjdk-6/
# The crash happened outside the Java Virtual Machine in native code.
# See problematic frame for where to report the bug.
#

---------------  T H R E A D  ---------------

Current thread (0x0000000002349000):  JavaThread "main" [_thread_in_native, id=25214, stack(0x00007f7152889000,0x00007f715298a000)]

siginfo:si_signo=SIGSEGV: si_errno=0, si_code=1 (SEGV_MAPERR), si_addr=0x00000000485c24b8

Registers:
RAX=0x00000000485c24b0, RBX=0x000000000000001c, RCX=0x0000000000000001, RDX=0x00007f7151ba3a70
RSP=0x00007f7152988610, RBP=0x00000000023491c8, RSI=0x00007f71485cde30, RDI=0x00007f71485cdd3e
R8 =0x000000000000009c, R9 =0x00000000e67bb360, R10=0x0000000000000002, R11=0x00007f7151ba7ce8
R12=0x00000000ffffffff, R13=0x0000000000000000, R14=0x00007f71529887d8, R15=0x0000000002349000
RIP=0x00007f71485ca462, EFL=0x0000000000010202, CSGSFS=0x0000000000000033, ERR=0x0000000000000004
  TRAPNO=0x000000000000000e

Register to memory mapping:

RAX=0x00000000485c24b0
0x00000000485c24b0 is pointing to unknown location

RBX=0x000000000000001c
0x000000000000001c is pointing to unknown location

RCX=0x0000000000000001
0x0000000000000001 is pointing to unknown location

RDX=0x00007f7151ba3a70
0x00007f7151ba3a70: <offset 0xb1fa70> in /usr/lib/jvm/java-6-openjdk/jre/lib/amd64/server/libjvm.so at 0x00007f7151084000

RSP=0x00007f7152988610
0x00007f7152988610 is pointing into the stack for thread: 0x0000000002349000
"main" prio=10 tid=0x0000000002349000 nid=0x627e runnable [0x00007f7152988000]
   java.lang.Thread.State: RUNNABLE

RBP=0x00000000023491c8
0x00000000023491c8 is pointing to unknown location

RSI=0x00007f71485cde30
0x00007f71485cde30: <offset 0x9e30> in /home/jussy/git/SerialLAN/lib/librxtxSerial.so at 0x00007f71485c4000

RDI=0x00007f71485cdd3e
0x00007f71485cdd3e: <offset 0x9d3e> in /home/jussy/git/SerialLAN/lib/librxtxSerial.so at 0x00007f71485c4000

R8 =0x000000000000009c
0x000000000000009c is pointing to unknown location

R9 =0x00000000e67bb360

[error occurred during error reporting (printing registers, top of stack, instructions near pc), id 0xe0000000]

Stack: [0x00007f7152889000,0x00007f715298a000],  sp=0x00007f7152988610,  free space=1021k
Native frames: (J=compiled Java code, j=interpreted, Vv=VM code, C=native code)
C  [librxtxSerial.so+0x6462]  read_byte_array+0x52

Java frames: (J=compiled Java code, j=interpreted, Vv=VM code)
j  gnu.io.RXTXPort.readByte()I+0
j  gnu.io.RXTXPort$SerialInputStream.read()I+81
j  com.jlewis.slan.SerialPortHandler.getChar()C+7
j  com.jlewis.slan.SerialLAN.receiver()V+35
j  com.jlewis.slan.SerialLAN.main([Ljava/lang/String;)V+101
v  ~StubRoutines::call_stub

---------------  P R O C E S S  ---------------

Java Threads: ( => current thread )
  0x00007f7144260800 JavaThread "Thread-2" [_thread_in_native, id=25241, stack(0x00007f71484c3000,0x00007f71485c4000)]
  0x00007f714420a800 JavaThread "AWT-EventQueue-0" [_thread_blocked, id=25240, stack(0x00007f7148af0000,0x00007f7148bf1000)]
  0x00007f7144112000 JavaThread "AWT-Shutdown" [_thread_blocked, id=25239, stack(0x00007f7148bf1000,0x00007f7148cf2000)]
  0x0000000002741800 JavaThread "AWT-XAWT" daemon [_thread_in_native, id=25234, stack(0x00007f7148fe8000,0x00007f71490e9000)]
  0x00000000024eb000 JavaThread "Java2D Disposer" daemon [_thread_blocked, id=25233, stack(0x00007f71493a0000,0x00007f71494a1000)]
  0x00000000024a4000 JavaThread "TimerQueue" daemon [_thread_blocked, id=25231, stack(0x00007f7149b9a000,0x00007f7149c9b000)]
  0x00000000023e9000 JavaThread "Low Memory Detector" daemon [_thread_blocked, id=25229, stack(0x00007f714b470000,0x00007f714b571000)]
  0x00000000023e4800 JavaThread "CompilerThread1" daemon [_thread_blocked, id=25228, stack(0x00007f714b571000,0x00007f714b672000)]
  0x00000000023e1800 JavaThread "CompilerThread0" daemon [_thread_in_native, id=25227, stack(0x00007f714b672000,0x00007f714b773000)]
  0x00000000023df800 JavaThread "Signal Dispatcher" daemon [_thread_blocked, id=25226, stack(0x00007f714b773000,0x00007f714b874000)]
  0x00000000023ba800 JavaThread "Finalizer" daemon [_thread_blocked, id=25225, stack(0x00007f714b8ba000,0x00007f714b9bb000)]
  0x00000000023b8800 JavaThread "Reference Handler" daemon [_thread_blocked, id=25224, stack(0x00007f714b9bb000,0x00007f714babc000)]
=>0x0000000002349000 JavaThread "main" [_thread_in_native, id=25214, stack(0x00007f7152889000,0x00007f715298a000)]

Other Threads:
  0x00000000023b1800 VMThread [stack: 0x00007f714babc000,0x00007f714bbbd000] [id=25223]
  0x00000000023ec000 WatcherThread [stack: 0x00007f714b36f000,0x00007f714b470000] [id=25230]

VM state:not at safepoint (normal execution)

VM Mutex/Monitor currently owned by a thread: None

Heap
 PSYoungGen      total 23232K, used 7244K [0x00000000e6160000, 0x00000000e7b40000, 0x0000000100000000)
  eden space 19968K, 36% used [0x00000000e6160000,0x00000000e6873378,0x00000000e74e0000)
  from space 3264K, 0% used [0x00000000e7810000,0x00000000e7810000,0x00000000e7b40000)
  to   space 3264K, 0% used [0x00000000e74e0000,0x00000000e74e0000,0x00000000e7810000)
 PSOldGen        total 53120K, used 0K [0x00000000b2400000, 0x00000000b57e0000, 0x00000000e6160000)
  object space 53120K, 0% used [0x00000000b2400000,0x00000000b2400000,0x00000000b57e0000)
 PSPermGen       total 21248K, used 14807K [0x00000000a7e00000, 0x00000000a92c0000, 0x00000000b2400000)
  object space 21248K, 69% used [0x00000000a7e00000,0x00000000a8c75e80,0x00000000a92c0000)

Dynamic libraries:
00400000-00409000 r-xp 00000000 08:11 4413                               /usr/lib/jvm/java-6-openjdk/jre/bin/java
00608000-00609000 r--p 00008000 08:11 4413                               /usr/lib/jvm/java-6-openjdk/jre/bin/java
00609000-0060a000 rw-p 00009000 08:11 4413                               /usr/lib/jvm/java-6-openjdk/jre/bin/java
02340000-027fe000 rw-p 00000000 00:00 0                                  [heap]
a7e00000-a92c0000 rw-p 00000000 00:00 0 
a92c0000-b2400000 rw-p 00000000 00:00 0 
b2400000-b57e0000 rw-p 00000000 00:00 0 
b57e0000-e6160000 rw-p 00000000 00:00 0 
e6160000-e7b40000 rw-p 00000000 00:00 0 
e7b40000-100000000 rw-p 00000000 00:00 0 
7f7144000000-7f7144331000 rw-p 00000000 00:00 0 
7f7144331000-7f7148000000 ---p 00000000 00:00 0 
7f71484c3000-7f71484c6000 ---p 00000000 00:00 0 
7f71484c6000-7f71485c4000 rw-p 00000000 00:00 0 
7f71485c4000-7f71485d0000 r-xp 00000000 08:11 3287439                    /home/jussy/git/SerialLAN/lib/librxtxSerial.so
7f71485d0000-7f71486cf000 ---p 0000c000 08:11 3287439                    /home/jussy/git/SerialLAN/lib/librxtxSerial.so
7f71486cf000-7f71486d1000 rw-p 0000b000 08:11 3287439                    /home/jussy/git/SerialLAN/lib/librxtxSerial.so
7f71486d1000-7f71486d9000 r-xp 00000000 08:11 3473                       /usr/lib/jvm/java-6-openjdk/jre/lib/amd64/libnio.so
7f71486d9000-7f71488d8000 ---p 00008000 08:11 3473                       /usr/lib/jvm/java-6-openjdk/jre/lib/amd64/libnio.so
7f71488d8000-7f71488d9000 r--p 00007000 08:11 3473                       /usr/lib/jvm/java-6-openjdk/jre/lib/amd64/libnio.so
7f71488d9000-7f71488da000 rw-p 00008000 08:11 3473                       /usr/lib/jvm/java-6-openjdk/jre/lib/amd64/libnio.so
7f71488da000-7f71488ef000 r-xp 00000000 08:11 3470                       /usr/lib/jvm/java-6-openjdk/jre/lib/amd64/libnet.so
7f71488ef000-7f7148aee000 ---p 00015000 08:11 3470                       /usr/lib/jvm/java-6-openjdk/jre/lib/amd64/libnet.so
7f7148aee000-7f7148aef000 r--p 00014000 08:11 3470                       /usr/lib/jvm/java-6-openjdk/jre/lib/amd64/libnet.so
7f7148aef000-7f7148af0000 rw-p 00015000 08:11 3470                       /usr/lib/jvm/java-6-openjdk/jre/lib/amd64/libnet.so
7f7148af0000-7f7148af3000 ---p 00000000 00:00 0 
7f7148af3000-7f7148bf1000 rw-p 00000000 00:00 0 
7f7148bf1000-7f7148bf4000 ---p 00000000 00:00 0 
7f7148bf4000-7f7148cf2000 rw-p 00000000 00:00 0 
7f7148cf2000-7f7148cf7000 r-xp 00000000 08:11 4851297                    /usr/lib/libXfixes.so.3.1.0
7f7148cf7000-7f7148ef6000 ---p 00005000 08:11 4851297                    /usr/lib/libXfixes.so.3.1.0
7f7148ef6000-7f7148ef7000 r--p 00004000 08:11 4851297                    /usr/lib/libXfixes.so.3.1.0
7f7148ef7000-7f7148ef8000 rw-p 00005000 08:11 4851297                    /usr/lib/libXfixes.so.3.1.0
7f7148ef8000-7f7148ef9000 r--s 00000000 08:11 1836142                    /var/cache/fontconfig/26de28bc8622bbc1fb67fd234c21975f-le64.cache-3
7f7148ef9000-7f7148efa000 r--s 00000000 08:11 1835068                    /var/cache/fontconfig/c05880de57d1f5e948fdfacc138775d9-le64.cache-3
7f7148efa000-7f7148f03000 r--s 00000000 08:11 1835065                    /var/cache/fontconfig/945677eb7aeaf62f1d50efc3fb3ec7d8-le64.cache-3
7f7148f03000-7f7148f05000 r--s 00000000 08:11 1835066                    /var/cache/fontconfig/99e8ed0e538f840c565b6ed5dad60d56-le64.cache-3
7f7148f05000-7f7148f08000 r--s 00000000 08:11 1835075                    /var/cache/fontconfig/e383d7ea5fbe662a33d9b44caf393297-le64.cache-3
7f7148f08000-7f7148f0f000 r--s 00000000 08:11 1836298                    /var/cache/fontconfig/401a5dd6b567794a1d18dd9342dfa604-le64.cache-3
7f7148f0f000-7f7148f10000 r--s 00000000 08:11 1835076                    /var/cache/fontconfig/e7071f4a29fa870f4323321c154eba04-le64.cache-3
7f7148f10000-7f7148f14000 r--s 00000000 08:11 1841882                    /var/cache/fontconfig/6eb3985aa4124903f6ff08ba781cd364-le64.cache-3
7f7148f14000-7f7148f42000 r--s 00000000 08:11 1841923                    /var/cache/fontconfig/365b55f210c0a22e9a19e35191240f32-le64.cache-3
7f7148fe8000-7f7148feb000 ---p 00000000 00:00 0 
7f7148feb000-7f71490e9000 rw-p 00000000 00:00 0 
7f71490e9000-7f71490ea000 r--s 00000000 08:11 1836142                    /var/cache/fontconfig/26de28bc8622bbc1fb67fd234c21975f-le64.cache-3
7f71490ea000-7f71490eb000 r--s 00000000 08:11 1835068                    /var/cache/fontconfig/c05880de57d1f5e948fdfacc138775d9-le64.cache-3
7f71490eb000-7f71490f4000 r--s 00000000 08:11 1835065                    /var/cache/fontconfig/945677eb7aeaf62f1d50efc3fb3ec7d8-le64.cache-3
7f71490f4000-7f71490f6000 r--s 00000000 08:11 1835066                    /var/cache/fontconfig/99e8ed0e538f840c565b6ed5dad60d56-le64.cache-3
7f71490f6000-7f71490f9000 r--s 00000000 08:11 1835075                    /var/cache/fontconfig/e383d7ea5fbe662a33d9b44caf393297-le64.cache-3
7f71490f9000-7f7149100000 r--s 00000000 08:11 1836298                    /var/cache/fontconfig/401a5dd6b567794a1d18dd9342dfa604-le64.cache-3
7f7149100000-7f7149101000 r--s 00000000 08:11 1835076                    /var/cache/fontconfig/e7071f4a29fa870f4323321c154eba04-le64.cache-3
7f7149101000-7f7149105000 r--s 00000000 08:11 1841882                    /var/cache/fontconfig/6eb3985aa4124903f6ff08ba781cd364-le64.cache-3
7f7149105000-7f7149106000 r--s 00000000 08:11 1835059                    /var/cache/fontconfig/4c73fe0c47614734b17d736dbde7580a-le64.cache-3
7f7149106000-7f7149107000 r--s 00000000 08:11 1835053                    /var/cache/fontconfig/0d8c3b2ac0904cb8a57a757ad11a4a08-le64.cache-3
7f7149107000-7f7149108000 r--s 00000000 08:11 1835061                    /var/cache/fontconfig/6a53c69dea097a2d716e069445527da8-le64.cache-3
7f7149108000-7f714910e000 r--s 00000000 08:11 1835067                    /var/cache/fontconfig/a755afe4a08bf5b97852ceb7400b47bc-le64.cache-3
7f714910e000-7f7149113000 r--s 00000000 08:11 1836262                    /var/cache/fontconfig/515ca1ebc4b18308bea979be5704f9db-le64.cache-3
7f7149113000-7f714911c000 r--s 00000000 08:11 1835062                    /var/cache/fontconfig/6d41288fd70b0be22e8c3a91e032eec0-le64.cache-3
7f714911c000-7f714914a000 r--s 00000000 08:11 1841923                    /var/cache/fontconfig/365b55f210c0a22e9a19e35191240f32-le64.cache-3
7f714914e000-7f7149157000 r-xp 00000000 08:11 4851289                    /usr/lib/libXcursor.so.1.0.2
7f7149157000-7f7149356000 ---p 00009000 08:11 4851289                    /usr/lib/libXcursor.so.1.0.2
7f7149356000-7f7149357000 r--p 00008000 08:11 4851289                    /usr/lib/libXcursor.so.1.0.2
7f7149357000-7f7149358000 rw-p 00009000 08:11 4851289                    /usr/lib/libXcursor.so.1.0.2
7f7149371000-7f7149372000 rw-p 00000000 00:00 0 
7f7149372000-7f7149375000 rw-s 00000000 00:04 258867215                  /SYSV00000000 (deleted)
7f7149375000-7f7149376000 r--p 00000000 00:00 0 
7f7149376000-7f7149379000 r--s 0007d000 08:11 3032                       /usr/lib/jvm/java-6-openjdk/jre/lib/jsse.jar
7f7149379000-7f714937f000 r--s 000fc000 08:11 3038                       /usr/lib/jvm/java-6-openjdk/jre/lib/resources.jar
7f714937f000-7f714938f000 r--s 00000000 08:11 1836111                    /var/cache/fontconfig/0f34bcd4b6ee430af32735b75db7f02b-le64.cache-3
7f714938f000-7f7149399000 r--s 00000000 08:11 1835071                    /var/cache/fontconfig/d52a8644073d54c13679302ca1180695-le64.cache-3
7f7149399000-7f714939c000 r--s 00000000 08:11 1836501                    /var/cache/fontconfig/e13b20fdb08344e0e664864cc2ede53d-le64.cache-3
7f714939c000-7f71493a0000 r--s 00000000 08:11 1836110                    /var/cache/fontconfig/7ef2298fde41cc6eeb7af42e48b7d293-le64.cache-3
7f71493a0000-7f71493a3000 ---p 00000000 00:00 0 
7f71493a3000-7f71494a1000 rw-p 00000000 00:00 0 
7f71494a1000-7f71494b7000 r-xp 00000000 08:11 4194538                    /lib/libgcc_s.so.1
7f71494b7000-7f71496b6000 ---p 00016000 08:11 4194538                    /lib/libgcc_s.so.1
7f71496b6000-7f71496b7000 r--p 00015000 08:11 4194538                    /lib/libgcc_s.so.1
7f71496b7000-7f71496b8000 rw-p 00016000 08:11 4194538                    /lib/libgcc_s.so.1
7f71496b8000-7f7149738000 r-xp 00000000 08:11 4850033                    /usr/lib/libfreetype.so.6.3.22
7f7149738000-7f7149938000 ---p 00080000 08:11 4850033                    /usr/lib/libfreetype.so.6.3.22
7f7149938000-7f714993d000 r--p 00080000 08:11 4850033                    /usr/lib/libfreetype.so.6.3.22
7f714993d000-7f714993e000 rw-p 00085000 08:11 4850033                    /usr/lib/libfreetype.so.6.3.22
7f714993e000-7f7149985000 r-xp 00000000 08:11 3057                       /usr/lib/jvm/java-6-openjdk/jre/lib/amd64/libfontmanager.so
7f7149985000-7f7149b84000 ---p 00047000 08:11 3057                       /usr/lib/jvm/java-6-openjdk/jre/lib/amd64/libfontmanager.so
7f7149b84000-7f7149b87000 r--p 00046000 08:11 3057                       /usr/lib/jvm/java-6-openjdk/jre/lib/amd64/libfontmanager.so
7f7149b87000-7f7149b88000 rw-p 00049000 08:11 3057                       /usr/lib/jvm/java-6-openjdk/jre/lib/amd64/libfontmanager.so
7f7149b88000-7f7149b9a000 rw-p 00000000 00:00 0 
7f7149b9a000-7f7149b9d000 ---p 00000000 00:00 0 
7f7149b9d000-7f7149c9b000 rw-p 00000000 00:00 0 
7f7149c9b000-7f7149ca0000 r-xp 00000000 08:11 4851293                    /usr/lib/libXdmcp.so.6.0.0
7f7149ca0000-7f7149e9f000 ---p 00005000 08:11 4851293                    /usr/lib/libXdmcp.so.6.0.0
7f7149e9f000-7f7149ea0000 r--p 00004000 08:11 4851293                    /usr/lib/libXdmcp.so.6.0.0
7f7149ea0000-7f7149ea1000 rw-p 00005000 08:11 4851293                    /usr/lib/libXdmcp.so.6.0.0
7f7149ea1000-7f7149ea3000 r-xp 00000000 08:11 4851282                    /usr/lib/libXau.so.6.0.0
7f7149ea3000-7f714a0a3000 ---p 00002000 08:11 4851282                    /usr/lib/libXau.so.6.0.0
7f714a0a3000-7f714a0a4000 r--p 00002000 08:11 4851282                    /usr/lib/libXau.so.6.0.0
7f714a0a4000-7f714a0a5000 rw-p 00003000 08:11 4851282                    /usr/lib/libXau.so.6.0.0
7f714a0a5000-7f714a0c0000 r-xp 00000000 08:11 4852324                    /usr/lib/libxcb.so.1.1.0
7f714a0c0000-7f714a2bf000 ---p 0001b000 08:11 4852324                    /usr/lib/libxcb.so.1.1.0
7f714a2bf000-7f714a2c0000 r--p 0001a000 08:11 4852324                    /usr/lib/libxcb.so.1.1.0
7f714a2c0000-7f714a2c1000 rw-p 0001b000 08:11 4852324                    /usr/lib/libxcb.so.1.1.0
7f714a2c1000-7f714a2d0000 r-xp 00000000 08:11 4851303                    /usr/lib/libXi.so.6.1.0
7f714a2d0000-7f714a4cf000 ---p 0000f000 08:11 4851303                    /usr/lib/libXi.so.6.1.0
7f714a4cf000-7f714a4d0000 r--p 0000e000 08:11 4851303                    /usr/lib/libXi.so.6.1.0
7f714a4d0000-7f714a4d1000 rw-p 0000f000 08:11 4851303                    /usr/lib/libXi.so.6.1.0
7f714a4d1000-7f714a4d6000 r-xp 00000000 08:11 4851323                    /usr/lib/libXtst.so.6.1.0
7f714a4d6000-7f714a6d6000 ---p 00005000 08:11 4851323                    /usr/lib/libXtst.so.6.1.0
7f714a6d6000-7f714a6d7000 r--p 00005000 08:11 4851323                    /usr/lib/libXtst.so.6.1.0
7f714a6d7000-7f714a6d8000 rw-p 00006000 08:11 4851323                    /usr/lib/libXtst.so.6.1.0
7f714a6d8000-7f714a6e1000 r-xp 00000000 08:11 4851317                    /usr/lib/libXrender.so.1.3.0
7f714a6e1000-7f714a8e0000 ---p 00009000 08:11 4851317                    /usr/lib/libXrender.so.1.3.0
7f714a8e0000-7f714a8e1000 r--p 00008000 08:11 4851317                    /usr/lib/libXrender.so.1.3.0
7f714a8e1000-7f714a8e2000 rw-p 00009000 08:11 4851317                    /usr/lib/libXrender.so.1.3.0
7f714a8e2000-7f714aa13000 r-xp 00000000 08:11 4851280                    /usr/lib/libX11.so.6.3.0
7f714aa13000-7f714ac13000 ---p 00131000 08:11 4851280                    /usr/lib/libX11.so.6.3.0
7f714ac13000-7f714ac14000 r--p 00131000 08:11 4851280                    /usr/lib/libX11.so.6.3.0
7f714ac14000-7f714ac18000 rw-p 00132000 08:11 4851280                    /usr/lib/libX11.so.6.3.0
7f714ac18000-7f714ac29000 r-xp 00000000 08:11 4851295                    /usr/lib/libXext.so.6.4.0
7f714ac29000-7f714ae28000 ---p 00011000 08:11 4851295                    /usr/lib/libXext.so.6.4.0
7f714ae28000-7f714ae29000 r--p 00010000 08:11 4851295                    /usr/lib/libXext.so.6.4.0
7f714ae29000-7f714ae2a000 rw-p 00011000 08:11 4851295                    /usr/lib/libXext.so.6.4.0
7f714ae2a000-7f714ae2d000 r--s 00000000 08:11 1835072                    /var/cache/fontconfig/d60319d88cac85ba9e1a07bd06cfbb8c-le64.cache-3
7f714ae2d000-7f714ae32000 r--s 00000000 08:11 1836262                    /var/cache/fontconfig/515ca1ebc4b18308bea979be5704f9db-le64.cache-3
7f714ae32000-7f714ae3b000 r--s 00000000 08:11 1835062                    /var/cache/fontconfig/6d41288fd70b0be22e8c3a91e032eec0-le64.cache-3
7f714ae3b000-7f714ae4b000 r--s 00000000 08:11 1836111                    /var/cache/fontconfig/0f34bcd4b6ee430af32735b75db7f02b-le64.cache-3
7f714ae4b000-7f714ae97000 r-xp 00000000 08:11 4453                       /usr/lib/jvm/java-6-openjdk/jre/lib/amd64/xawt/libmawt.so
7f714ae97000-7f714b097000 ---p 0004c000 08:11 4453                       /usr/lib/jvm/java-6-openjdk/jre/lib/amd64/xawt/libmawt.so
7f714b097000-7f714b098000 r--p 0004c000 08:11 4453                       /usr/lib/jvm/java-6-openjdk/jre/lib/amd64/xawt/libmawt.so
7f714b098000-7f714b09b000 rw-p 0004d000 08:11 4453                       /usr/lib/jvm/java-6-openjdk/jre/lib/amd64/xawt/libmawt.so
7f714b09b000-7f714b09c000 rw-p 00000000 00:00 0 
7f714b09c000-7f714b13e000 r-xp 00000000 08:11 3055                       /usr/lib/jvm/java-6-openjdk/jre/lib/amd64/libawt.so
7f714b13e000-7f714b33e000 ---p 000a2000 08:11 3055                       /usr/lib/jvm/java-6-openjdk/jre/lib/amd64/libawt.so
7f714b33e000-7f714b33f000 r--p 000a2000 08:11 3055                       /usr/lib/jvm/java-6-openjdk/jre/lib/amd64/libawt.so
7f714b33f000-7f714b34a000 rw-p 000a3000 08:11 3055                       /usr/lib/jvm/java-6-openjdk/jre/lib/amd64/libawt.so
7f714b34a000-7f714b36f000 rw-p 00000000 00:00 0 
7f714b36f000-7f714b370000 ---p 00000000 00:00 0 
7f714b370000-7f714b470000 rw-p 00000000 00:00 0 
7f714b470000-7f714b473000 ---p 00000000 00:00 0 
7f714b473000-7f714b571000 rw-p 00000000 00:00 0 
7f714b571000-7f714b574000 ---p 00000000 00:00 0 
7f714b574000-7f714b672000 rw-p 00000000 00:00 0 
7f714b672000-7f714b675000 ---p 00000000 00:00 0 
7f714b675000-7f714b773000 rw-p 00000000 00:00 0 
7f714b773000-7f714b776000 ---p 00000000 00:00 0 
7f714b776000-7f714b874000 rw-p 00000000 00:00 0 
7f714b874000-7f714b87b000 r--s 00000000 08:11 4863843                    /usr/lib/gconv/gconv-modules.cache
7f714b87b000-7f714b8ba000 r--p 00000000 08:11 4854784                    /usr/lib/locale/en_GB.utf8/LC_CTYPE
7f714b8ba000-7f714b8bd000 ---p 00000000 00:00 0 
7f714b8bd000-7f714b9bb000 rw-p 00000000 00:00 0 
7f714b9bb000-7f714b9be000 ---p 00000000 00:00 0 
7f714b9be000-7f714babc000 rw-p 00000000 00:00 0 
7f714babc000-7f714babd000 ---p 00000000 00:00 0 
7f714babd000-7f714c0c2000 rw-p 00000000 00:00 0 
7f714c0c2000-7f714c0c4000 r--s 0001d000 08:11 3037                       /usr/lib/jvm/java-6-openjdk/jre/lib/plugin.jar
7f714c0c4000-7f714c0c9000 r--s 00045000 08:11 3036                       /usr/lib/jvm/java-6-openjdk/jre/lib/netx.jar
7f714c0c9000-7f714c0fc000 rw-p 00000000 00:00 0 
7f714c0fc000-7f714c28c000 r--s 038c5000 08:11 3044                       /usr/lib/jvm/java-6-openjdk/jre/lib/rt.jar
7f714c28c000-7f714c2b4000 rw-p 00000000 00:00 0 
7f714c2b4000-7f714c2b5000 ---p 00000000 00:00 0 
7f714c2b5000-7f714c3b5000 rw-p 00000000 00:00 0 
7f714c3b5000-7f714c3b6000 ---p 00000000 00:00 0 
7f714c3b6000-7f714c4b6000 rw-p 00000000 00:00 0 
7f714c4b6000-7f714c4b7000 ---p 00000000 00:00 0 
7f714c4b7000-7f714c5b7000 rw-p 00000000 00:00 0 
7f714c5b7000-7f714c5b8000 ---p 00000000 00:00 0 
7f714c5b8000-7f714c6c3000 rw-p 00000000 00:00 0 
7f714c6c3000-7f714c70b000 rw-p 00000000 00:00 0 
7f714c70b000-7f714c725000 rw-p 00000000 00:00 0 
7f714c725000-7f714c8aa000 rw-p 00000000 00:00 0 
7f714c8aa000-7f714c8b5000 rw-p 00000000 00:00 0 
7f714c8b5000-7f714c8fd000 rw-p 00000000 00:00 0 
7f714c8fd000-7f714c917000 rw-p 00000000 00:00 0 
7f714c917000-7f714ca9b000 rw-p 00000000 00:00 0 
7f714ca9b000-7f714caa9000 rw-p 00000000 00:00 0 
7f714caa9000-7f714cb6b000 rw-p 00000000 00:00 0 
7f714cb6b000-7f714cb6c000 rw-p 00000000 00:00 0 
7f714cb6c000-7f714cddc000 rwxp 00000000 00:00 0 
7f714cddc000-7f714fb6c000 rw-p 00000000 00:00 0 
7f714fb6c000-7f714fb73000 r-xp 00000000 08:11 3554                       /usr/lib/jvm/java-6-openjdk/jre/lib/amd64/libzip.so
7f714fb73000-7f714fd72000 ---p 00007000 08:11 3554                       /usr/lib/jvm/java-6-openjdk/jre/lib/amd64/libzip.so
7f714fd72000-7f714fd73000 r--p 00006000 08:11 3554                       /usr/lib/jvm/java-6-openjdk/jre/lib/amd64/libzip.so
7f714fd73000-7f714fd74000 rw-p 00007000 08:11 3554                       /usr/lib/jvm/java-6-openjdk/jre/lib/amd64/libzip.so
7f714fd74000-7f714fd80000 r-xp 00000000 08:11 4201768                    /lib/libnss_files-2.11.1.so
7f714fd80000-7f714ff7f000 ---p 0000c000 08:11 4201768                    /lib/libnss_files-2.11.1.so
7f714ff7f000-7f714ff80000 r--p 0000b000 08:11 4201768                    /lib/libnss_files-2.11.1.so
7f714ff80000-7f714ff81000 rw-p 0000c000 08:11 4201768                    /lib/libnss_files-2.11.1.so
7f714ff81000-7f714ff8b000 r-xp 00000000 08:11 4201756                    /lib/libnss_nis-2.11.1.so
7f714ff8b000-7f715018a000 ---p 0000a000 08:11 4201756                    /lib/libnss_nis-2.11.1.so
7f715018a000-7f715018b000 r--p 00009000 08:11 4201756                    /lib/libnss_nis-2.11.1.so
7f715018b000-7f715018c000 rw-p 0000a000 08:11 4201756                    /lib/libnss_nis-2.11.1.so
7f715018c000-7f7150194000 r-xp 00000000 08:11 4201755                    /lib/libnss_compat-2.11.1.so
7f7150194000-7f7150393000 ---p 00008000 08:11 4201755                    /lib/libnss_compat-2.11.1.so
7f7150393000-7f7150394000 r--p 00007000 08:11 4201755                    /lib/libnss_compat-2.11.1.so
7f7150394000-7f7150395000 rw-p 00008000 08:11 4201755                    /lib/libnss_compat-2.11.1.so
7f7150395000-7f715039d000 r-xp 00000000 08:11 4131                       /usr/lib/jvm/java-6-openjdk/jre/lib/amd64/native_threads/libhpi.so
7f715039d000-7f715059c000 ---p 00008000 08:11 4131                       /usr/lib/jvm/java-6-openjdk/jre/lib/amd64/native_threads/libhpi.so
7f715059c000-7f715059d000 r--p 00007000 08:11 4131                       /usr/lib/jvm/java-6-openjdk/jre/lib/amd64/native_threads/libhpi.so
7f715059d000-7f715059e000 rw-p 00008000 08:11 4131                       /usr/lib/jvm/java-6-openjdk/jre/lib/amd64/native_threads/libhpi.so
7f715059e000-7f71505b5000 r-xp 00000000 08:11 4201729                    /lib/libnsl-2.11.1.so
7f71505b5000-7f71507b4000 ---p 00017000 08:11 4201729                    /lib/libnsl-2.11.1.so
7f71507b4000-7f71507b5000 r--p 00016000 08:11 4201729                    /lib/libnsl-2.11.1.so
7f71507b5000-7f71507b6000 rw-p 00017000 08:11 4201729                    /lib/libnsl-2.11.1.so
7f71507b6000-7f71507b8000 rw-p 00000000 00:00 0 
7f71507b8000-7f71507e5000 r-xp 00000000 08:11 3064                       /usr/lib/jvm/java-6-openjdk/jre/lib/amd64/libjava.so
7f71507e5000-7f71509e4000 ---p 0002d000 08:11 3064                       /usr/lib/jvm/java-6-openjdk/jre/lib/amd64/libjava.so
7f71509e4000-7f71509e5000 r--p 0002c000 08:11 3064                       /usr/lib/jvm/java-6-openjdk/jre/lib/amd64/libjava.so
7f71509e5000-7f71509e8000 rw-p 0002d000 08:11 3064                       /usr/lib/jvm/java-6-openjdk/jre/lib/amd64/libjava.so
7f71509e8000-7f71509f7000 r-xp 00000000 08:11 3546                       /usr/lib/jvm/java-6-openjdk/jre/lib/amd64/libverify.so
7f71509f7000-7f7150bf6000 ---p 0000f000 08:11 3546                       /usr/lib/jvm/java-6-openjdk/jre/lib/amd64/libverify.so
7f7150bf6000-7f7150bf8000 r--p 0000e000 08:11 3546                       /usr/lib/jvm/java-6-openjdk/jre/lib/amd64/libverify.so
7f7150bf8000-7f7150bf9000 rw-p 00010000 08:11 3546                       /usr/lib/jvm/java-6-openjdk/jre/lib/amd64/libverify.so
7f7150bf9000-7f7150c00000 r-xp 00000000 08:11 4201751                    /lib/librt-2.11.1.so
7f7150c00000-7f7150dff000 ---p 00007000 08:11 4201751                    /lib/librt-2.11.1.so
7f7150dff000-7f7150e00000 r--p 00006000 08:11 4201751                    /lib/librt-2.11.1.so
7f7150e00000-7f7150e01000 rw-p 00007000 08:11 4201751                    /lib/librt-2.11.1.so
7f7150e01000-7f7150e83000 r-xp 00000000 08:11 4194326                    /lib/libm-2.11.1.so
7f7150e83000-7f7151082000 ---p 00082000 08:11 4194326                    /lib/libm-2.11.1.so
7f7151082000-7f7151083000 r--p 00081000 08:11 4194326                    /lib/libm-2.11.1.so
7f7151083000-7f7151084000 rw-p 00082000 08:11 4194326                    /lib/libm-2.11.1.so
7f7151084000-7f715190a000 r-xp 00000000 08:11 4391                       /usr/lib/jvm/java-6-openjdk/jre/lib/amd64/server/libjvm.so
7f715190a000-7f7151b09000 ---p 00886000 08:11 4391                       /usr/lib/jvm/java-6-openjdk/jre/lib/amd64/server/libjvm.so
7f7151b09000-7f7151b7f000 r--p 00885000 08:11 4391                       /usr/lib/jvm/java-6-openjdk/jre/lib/amd64/server/libjvm.so
7f7151b7f000-7f7151b9a000 rw-p 008fb000 08:11 4391                       /usr/lib/jvm/java-6-openjdk/jre/lib/amd64/server/libjvm.so
7f7151b9a000-7f7151bd3000 rw-p 00000000 00:00 0 
7f7151bd3000-7f7151d4d000 r-xp 00000000 08:11 4201765                    /lib/libc-2.11.1.so
7f7151d4d000-7f7151f4c000 ---p 0017a000 08:11 4201765                    /lib/libc-2.11.1.so
7f7151f4c000-7f7151f50000 r--p 00179000 08:11 4201765                    /lib/libc-2.11.1.so
7f7151f50000-7f7151f51000 rw-p 0017d000 08:11 4201765                    /lib/libc-2.11.1.so
7f7151f51000-7f7151f56000 rw-p 00000000 00:00 0 
7f7151f56000-7f7151f58000 r-xp 00000000 08:11 4201769                    /lib/libdl-2.11.1.so
7f7151f58000-7f7152158000 ---p 00002000 08:11 4201769                    /lib/libdl-2.11.1.so
7f7152158000-7f7152159000 r--p 00002000 08:11 4201769                    /lib/libdl-2.11.1.so
7f7152159000-7f715215a000 rw-p 00003000 08:11 4201769                    /lib/libdl-2.11.1.so
7f715215a000-7f715215e000 r-xp 00000000 08:11 3046                       /usr/lib/jvm/java-6-openjdk/jre/lib/amd64/jli/libjli.so
7f715215e000-7f715235d000 ---p 00004000 08:11 3046                       /usr/lib/jvm/java-6-openjdk/jre/lib/amd64/jli/libjli.so
7f715235d000-7f715235e000 r--p 00003000 08:11 3046                       /usr/lib/jvm/java-6-openjdk/jre/lib/amd64/jli/libjli.so
7f715235e000-7f715235f000 rw-p 00004000 08:11 3046                       /usr/lib/jvm/java-6-openjdk/jre/lib/amd64/jli/libjli.so
7f715235f000-7f7152377000 r-xp 00000000 08:11 4201763                    /lib/libpthread-2.11.1.so
7f7152377000-7f7152576000 ---p 00018000 08:11 4201763                    /lib/libpthread-2.11.1.so
7f7152576000-7f7152577000 r--p 00017000 08:11 4201763                    /lib/libpthread-2.11.1.so
7f7152577000-7f7152578000 rw-p 00018000 08:11 4201763                    /lib/libpthread-2.11.1.so
7f7152578000-7f715257c000 rw-p 00000000 00:00 0 
7f715257c000-7f7152592000 r-xp 00000000 08:11 4194653                    /lib/libz.so.1.2.3.3
7f7152592000-7f7152791000 ---p 00016000 08:11 4194653                    /lib/libz.so.1.2.3.3
7f7152791000-7f7152792000 r--p 00015000 08:11 4194653                    /lib/libz.so.1.2.3.3
7f7152792000-7f7152793000 rw-p 00016000 08:11 4194653                    /lib/libz.so.1.2.3.3
7f7152793000-7f71527b3000 r-xp 00000000 08:11 4201748                    /lib/ld-2.11.1.so
7f71527b3000-7f71527b4000 r--s 00000000 08:11 1836634                    /var/cache/fontconfig/4794a0821666d79190d59a36cb4f44b5-le64.cache-3
7f71527b4000-7f71527b5000 r--s 00000000 08:11 1835059                    /var/cache/fontconfig/4c73fe0c47614734b17d736dbde7580a-le64.cache-3
7f71527b5000-7f71527b6000 r--s 00000000 08:11 1835053                    /var/cache/fontconfig/0d8c3b2ac0904cb8a57a757ad11a4a08-le64.cache-3
7f71527b6000-7f71527bc000 r--s 00000000 08:11 1835067                    /var/cache/fontconfig/a755afe4a08bf5b97852ceb7400b47bc-le64.cache-3
7f71527bc000-7f71527bf000 r--s 00000000 08:11 1835072                    /var/cache/fontconfig/d60319d88cac85ba9e1a07bd06cfbb8c-le64.cache-3
7f71527bf000-7f71527c9000 r--s 00000000 08:11 1835071                    /var/cache/fontconfig/d52a8644073d54c13679302ca1180695-le64.cache-3
7f71527c9000-7f71527d3000 rw-p 00000000 00:00 0 
7f71527d3000-7f7152889000 rw-p 00000000 00:00 0 
7f7152889000-7f715288c000 ---p 00000000 00:00 0 
7f715288c000-7f715298f000 rw-p 00000000 00:00 0 
7f715298f000-7f7152990000 r--s 00000000 08:11 1835061                    /var/cache/fontconfig/6a53c69dea097a2d716e069445527da8-le64.cache-3
7f7152990000-7f7152991000 r--s 00000000 08:11 1836634                    /var/cache/fontconfig/4794a0821666d79190d59a36cb4f44b5-le64.cache-3
7f7152991000-7f7152994000 r--s 00000000 08:11 1836501                    /var/cache/fontconfig/e13b20fdb08344e0e664864cc2ede53d-le64.cache-3
7f7152994000-7f7152998000 r--s 00000000 08:11 1836110                    /var/cache/fontconfig/7ef2298fde41cc6eeb7af42e48b7d293-le64.cache-3
7f7152998000-7f715299a000 r--s 0000d000 08:11 3287074                    /home/jussy/git/SerialLAN/lib/RXTXcomm.jar
7f715299a000-7f715299d000 r--s 0000f000 08:11 2912                       /usr/lib/jvm/java-6-openjdk/jre/lib/ext/pulse-java.jar
7f715299d000-7f71529a6000 r--s 00065000 08:11 5014623                    /usr/share/java/gnome-java-bridge.jar
7f71529a6000-7f71529ae000 rw-s 00000000 08:11 1966192                    /tmp/hsperfdata_jussy/25212
7f71529ae000-7f71529af000 rw-p 00000000 00:00 0 
7f71529af000-7f71529b0000 r--p 00000000 00:00 0 
7f71529b0000-7f71529b2000 rw-p 00000000 00:00 0 
7f71529b2000-7f71529b3000 r--p 0001f000 08:11 4201748                    /lib/ld-2.11.1.so
7f71529b3000-7f71529b4000 rw-p 00020000 08:11 4201748                    /lib/ld-2.11.1.so
7f71529b4000-7f71529b5000 rw-p 00000000 00:00 0 
7fff2f2f3000-7fff2f308000 rw-p 00000000 00:00 0                          [stack]
7fff2f3dc000-7fff2f3dd000 r-xp 00000000 00:00 0                          [vdso]
ffffffffff600000-ffffffffff601000 r-xp 00000000 00:00 0                  [vsyscall]

VM Arguments:
jvm_args: -Djava.library.path=/home/jussy/git/SerialLAN/lib -Dfile.encoding=UTF-8 
java_command: com.jlewis.slan.SerialLAN
Launcher Type: SUN_STANDARD

Environment Variables:
PATH=/usr/local/sbin:/usr/local/bin:/usr/sbin:/usr/bin:/sbin:/bin:/usr/games
USERNAME=jussy
LD_LIBRARY_PATH=/usr/lib/jvm/java-6-openjdk/jre/lib/amd64/server:/usr/lib/jvm/java-6-openjdk/jre/lib/amd64:/usr/lib/jvm/java-6-openjdk/jre/../lib/amd64:/usr/lib/xulrunner-1.9.2.27
SHELL=/bin/bash
DISPLAY=:0.0

Signal Handlers:
SIGSEGV: [libjvm.so+0x7240c0], sa_mask[0]=0x7ffbfeff, sa_flags=0x10000004
SIGBUS: [libjvm.so+0x7240c0], sa_mask[0]=0x7ffbfeff, sa_flags=0x10000004
SIGFPE: [libjvm.so+0x5e08f0], sa_mask[0]=0x7ffbfeff, sa_flags=0x10000004
SIGPIPE: [libjvm.so+0x5e08f0], sa_mask[0]=0x7ffbfeff, sa_flags=0x10000004
SIGXFSZ: [libjvm.so+0x5e08f0], sa_mask[0]=0x7ffbfeff, sa_flags=0x10000004
SIGILL: [libjvm.so+0x5e08f0], sa_mask[0]=0x7ffbfeff, sa_flags=0x10000004
SIGUSR1: SIG_DFL, sa_mask[0]=0x00000000, sa_flags=0x00000000
SIGUSR2: [libjvm.so+0x5e0000], sa_mask[0]=0x00000004, sa_flags=0x10000004
SIGHUP: [libjvm.so+0x5e2a70], sa_mask[0]=0x7ffbfeff, sa_flags=0x10000004
SIGINT: [libjvm.so+0x5e2a70], sa_mask[0]=0x7ffbfeff, sa_flags=0x10000004
SIGTERM: [libjvm.so+0x5e2a70], sa_mask[0]=0x7ffbfeff, sa_flags=0x10000004
SIGQUIT: [libjvm.so+0x5e2a70], sa_mask[0]=0x7ffbfeff, sa_flags=0x10000004


---------------  S Y S T E M  ---------------

OS:Ubuntu 10.04 (lucid)
uname:Linux 2.6.32-39-generic #86-Ubuntu SMP Mon Feb 13 21:50:08 UTC 2012 x86_64
libc:glibc 2.11.1 NPTL 2.11.1 
rlimit: STACK 8192k, CORE 0k, NPROC infinity, NOFILE 1024, AS infinity
load average:2.42 2.39 2.36

/proc/meminfo:
MemTotal:        5092140 kB
MemFree:           99276 kB
Buffers:          426288 kB
Cached:          1198436 kB
SwapCached:         5756 kB
Active:          2637276 kB
Inactive:        1289960 kB
Active(anon):    1839484 kB
Inactive(anon):   474388 kB
Active(file):     797792 kB
Inactive(file):   815572 kB
Unevictable:          80 kB
Mlocked:              80 kB
SwapTotal:       4016120 kB
SwapFree:        3976852 kB
Dirty:               776 kB
Writeback:            24 kB
AnonPages:       2297240 kB
Mapped:           705504 kB
Shmem:             11396 kB
Slab:             163216 kB
SReclaimable:     126416 kB
SUnreclaim:        36800 kB
KernelStack:        4272 kB
PageTables:        38736 kB
NFS_Unstable:          0 kB
Bounce:                0 kB
WritebackTmp:          0 kB
CommitLimit:     6562188 kB
Committed_AS:    4456220 kB
VmallocTotal:   34359738367 kB
VmallocUsed:      347352 kB
VmallocChunk:   34359384060 kB
HardwareCorrupted:     0 kB
HugePages_Total:       0
HugePages_Free:        0
HugePages_Rsvd:        0
HugePages_Surp:        0
Hugepagesize:       2048 kB
DirectMap4k:     1199680 kB
DirectMap2M:     4042752 kB
DirectMap1G:           0 kB


CPU:total 4 (4 cores per cpu, 1 threads per core) family 16 model 5 stepping 2, cmov, cx8, fxsr, mmx, sse, sse2, sse3, popcnt, mmxext, 3dnow, 3dnowext, lzcnt, sse4a

Memory: 4k page, physical 5092140k(99276k free), swap 4016120k(3976852k free)

vm_info: OpenJDK 64-Bit Server VM (19.0-b09) for linux-amd64 JRE (1.6.0_20-b20), built on Feb 17 2012 07:09:45 by "buildd" with gcc 4.4.3

time: Wed Mar 14 16:26:46 2012
elapsed time: 1 seconds

